{"/app/src/components/components/CardBenefit.js":{"path":"/app/src/components/components/CardBenefit.js","statementMap":{"0":{"start":{"line":3,"column":0},"end":{"line":5,"column":3}},"1":{"start":{"line":6,"column":0},"end":{"line":6,"column":25}},"2":{"start":{"line":8,"column":13},"end":{"line":8,"column":53}},"3":{"start":{"line":10,"column":22},"end":{"line":10,"column":48}},"4":{"start":{"line":12,"column":24},"end":{"line":12,"column":65}},"5":{"start":{"line":14,"column":25},"end":{"line":14,"column":69}},"6":{"start":{"line":16,"column":0},"end":{"line":16,"column":29}},"7":{"start":{"line":18,"column":39},"end":{"line":18,"column":93}},"8":{"start":{"line":20,"column":51},"end":{"line":20,"column":355}},"9":{"start":{"line":20,"column":126},"end":{"line":20,"column":181}},"10":{"start":{"line":20,"column":160},"end":{"line":20,"column":178}},"11":{"start":{"line":20,"column":191},"end":{"line":20,"column":353}},"12":{"start":{"line":20,"column":225},"end":{"line":20,"column":350}},"13":{"start":{"line":20,"column":356},"end":{"line":20,"column":376}},"14":{"start":{"line":22,"column":50},"end":{"line":22,"column":151}},"15":{"start":{"line":22,"column":92},"end":{"line":22,"column":149}},"16":{"start":{"line":24,"column":44},"end":{"line":24,"column":315}},"17":{"start":{"line":24,"column":57},"end":{"line":24,"column":58}},"18":{"start":{"line":24,"column":102},"end":{"line":24,"column":110}},"19":{"start":{"line":24,"column":112},"end":{"line":24,"column":167}},"20":{"start":{"line":24,"column":168},"end":{"line":24,"column":199}},"21":{"start":{"line":24,"column":200},"end":{"line":24,"column":254}},"22":{"start":{"line":24,"column":227},"end":{"line":24,"column":254}},"23":{"start":{"line":24,"column":255},"end":{"line":24,"column":313}},"24":{"start":{"line":26,"column":62},"end":{"line":26,"column":131}},"25":{"start":{"line":26,"column":78},"end":{"line":26,"column":131}},"26":{"start":{"line":26,"column":132},"end":{"line":26,"column":193}},"27":{"start":{"line":26,"column":149},"end":{"line":26,"column":193}},"28":{"start":{"line":26,"column":194},"end":{"line":26,"column":213}},"29":{"start":{"line":28,"column":43},"end":{"line":28,"column":182}},"30":{"start":{"line":28,"column":106},"end":{"line":28,"column":180}},"31":{"start":{"line":28,"column":183},"end":{"line":28,"column":328}},"32":{"start":{"line":28,"column":329},"end":{"line":28,"column":383}},"33":{"start":{"line":28,"column":345},"end":{"line":28,"column":383}},"34":{"start":{"line":30,"column":33},"end":{"line":30,"column":138}},"35":{"start":{"line":30,"column":109},"end":{"line":30,"column":125}},"36":{"start":{"line":30,"column":126},"end":{"line":30,"column":135}},"37":{"start":{"line":30,"column":139},"end":{"line":30,"column":168}},"38":{"start":{"line":32,"column":65},"end":{"line":32,"column":92}},"39":{"start":{"line":32,"column":94},"end":{"line":32,"column":423}},"40":{"start":{"line":32,"column":147},"end":{"line":32,"column":171}},"41":{"start":{"line":32,"column":181},"end":{"line":32,"column":371}},"42":{"start":{"line":32,"column":230},"end":{"line":32,"column":263}},"43":{"start":{"line":32,"column":265},"end":{"line":32,"column":321}},"44":{"start":{"line":32,"column":331},"end":{"line":32,"column":369}},"45":{"start":{"line":32,"column":372},"end":{"line":32,"column":420}},"46":{"start":{"line":34,"column":50},"end":{"line":34,"column":138}},"47":{"start":{"line":34,"column":124},"end":{"line":34,"column":136}},"48":{"start":{"line":34,"column":139},"end":{"line":34,"column":175}},"49":{"start":{"line":36,"column":40},"end":{"line":36,"column":151}},"50":{"start":{"line":36,"column":63},"end":{"line":36,"column":149}},"51":{"start":{"line":36,"column":152},"end":{"line":36,"column":164}},"52":{"start":{"line":38,"column":39},"end":{"line":38,"column":110}},"53":{"start":{"line":38,"column":97},"end":{"line":38,"column":110}},"54":{"start":{"line":38,"column":111},"end":{"line":38,"column":152}},"55":{"start":{"line":38,"column":139},"end":{"line":38,"column":152}},"56":{"start":{"line":38,"column":153},"end":{"line":38,"column":198}},"57":{"start":{"line":38,"column":186},"end":{"line":38,"column":198}},"58":{"start":{"line":38,"column":199},"end":{"line":38,"column":322}},"59":{"start":{"line":38,"column":205},"end":{"line":38,"column":279}},"60":{"start":{"line":38,"column":280},"end":{"line":38,"column":292}},"61":{"start":{"line":38,"column":307},"end":{"line":38,"column":320}},"62":{"start":{"line":40,"column":30},"end":{"line":40,"column":176}},"63":{"start":{"line":40,"column":126},"end":{"line":40,"column":173}},"64":{"start":{"line":40,"column":177},"end":{"line":40,"column":203}},"65":{"start":{"line":42,"column":31},"end":{"line":102,"column":27}},"66":{"start":{"line":43,"column":2},"end":{"line":43,"column":43}},"67":{"start":{"line":45,"column":15},"end":{"line":45,"column":40}},"68":{"start":{"line":48,"column":4},"end":{"line":48,"column":39}},"69":{"start":{"line":50,"column":4},"end":{"line":50,"column":41}},"70":{"start":{"line":53,"column":2},"end":{"line":99,"column":6}},"71":{"start":{"line":56,"column":18},"end":{"line":56,"column":22}},"72":{"start":{"line":58,"column":6},"end":{"line":97,"column":35}},"73":{"start":{"line":84,"column":10},"end":{"line":84,"column":67}},"74":{"start":{"line":101,"column":2},"end":{"line":101,"column":21}},"75":{"start":{"line":104,"column":15},"end":{"line":104,"column":26}},"76":{"start":{"line":105,"column":0},"end":{"line":105,"column":27}}},"fnMap":{"0":{"name":"_interopRequireDefault","decl":{"start":{"line":18,"column":9},"end":{"line":18,"column":31}},"loc":{"start":{"line":18,"column":37},"end":{"line":18,"column":95}},"line":18},"1":{"name":"_typeof","decl":{"start":{"line":20,"column":9},"end":{"line":20,"column":16}},"loc":{"start":{"line":20,"column":22},"end":{"line":20,"column":378}},"line":20},"2":{"name":"_typeof","decl":{"start":{"line":20,"column":145},"end":{"line":20,"column":152}},"loc":{"start":{"line":20,"column":158},"end":{"line":20,"column":180}},"line":20},"3":{"name":"_typeof","decl":{"start":{"line":20,"column":210},"end":{"line":20,"column":217}},"loc":{"start":{"line":20,"column":223},"end":{"line":20,"column":352}},"line":20},"4":{"name":"_classCallCheck","decl":{"start":{"line":22,"column":9},"end":{"line":22,"column":24}},"loc":{"start":{"line":22,"column":48},"end":{"line":22,"column":153}},"line":22},"5":{"name":"_defineProperties","decl":{"start":{"line":24,"column":9},"end":{"line":24,"column":26}},"loc":{"start":{"line":24,"column":42},"end":{"line":24,"column":317}},"line":24},"6":{"name":"_createClass","decl":{"start":{"line":26,"column":9},"end":{"line":26,"column":21}},"loc":{"start":{"line":26,"column":60},"end":{"line":26,"column":215}},"line":26},"7":{"name":"_inherits","decl":{"start":{"line":28,"column":9},"end":{"line":28,"column":18}},"loc":{"start":{"line":28,"column":41},"end":{"line":28,"column":385}},"line":28},"8":{"name":"_setPrototypeOf","decl":{"start":{"line":30,"column":9},"end":{"line":30,"column":24}},"loc":{"start":{"line":30,"column":31},"end":{"line":30,"column":170}},"line":30},"9":{"name":"_setPrototypeOf","decl":{"start":{"line":30,"column":85},"end":{"line":30,"column":100}},"loc":{"start":{"line":30,"column":107},"end":{"line":30,"column":137}},"line":30},"10":{"name":"_createSuper","decl":{"start":{"line":32,"column":9},"end":{"line":32,"column":21}},"loc":{"start":{"line":32,"column":31},"end":{"line":32,"column":425}},"line":32},"11":{"name":"_createSuperInternal","decl":{"start":{"line":32,"column":110},"end":{"line":32,"column":130}},"loc":{"start":{"line":32,"column":133},"end":{"line":32,"column":422}},"line":32},"12":{"name":"_possibleConstructorReturn","decl":{"start":{"line":34,"column":9},"end":{"line":34,"column":35}},"loc":{"start":{"line":34,"column":48},"end":{"line":34,"column":177}},"line":34},"13":{"name":"_assertThisInitialized","decl":{"start":{"line":36,"column":9},"end":{"line":36,"column":31}},"loc":{"start":{"line":36,"column":38},"end":{"line":36,"column":166}},"line":36},"14":{"name":"_isNativeReflectConstruct","decl":{"start":{"line":38,"column":9},"end":{"line":38,"column":34}},"loc":{"start":{"line":38,"column":37},"end":{"line":38,"column":324}},"line":38},"15":{"name":"(anonymous_15)","decl":{"start":{"line":38,"column":262},"end":{"line":38,"column":263}},"loc":{"start":{"line":38,"column":274},"end":{"line":38,"column":276}},"line":38},"16":{"name":"_getPrototypeOf","decl":{"start":{"line":40,"column":9},"end":{"line":40,"column":24}},"loc":{"start":{"line":40,"column":28},"end":{"line":40,"column":205}},"line":40},"17":{"name":"_getPrototypeOf","decl":{"start":{"line":40,"column":105},"end":{"line":40,"column":120}},"loc":{"start":{"line":40,"column":124},"end":{"line":40,"column":175}},"line":40},"18":{"name":"(anonymous_18)","decl":{"start":{"line":42,"column":31},"end":{"line":42,"column":32}},"loc":{"start":{"line":42,"column":59},"end":{"line":102,"column":1}},"line":42},"19":{"name":"CardBenefit","decl":{"start":{"line":47,"column":11},"end":{"line":47,"column":22}},"loc":{"start":{"line":47,"column":25},"end":{"line":51,"column":3}},"line":47},"20":{"name":"render","decl":{"start":{"line":55,"column":20},"end":{"line":55,"column":26}},"loc":{"start":{"line":55,"column":29},"end":{"line":98,"column":5}},"line":55},"21":{"name":"onClick","decl":{"start":{"line":83,"column":26},"end":{"line":83,"column":33}},"loc":{"start":{"line":83,"column":36},"end":{"line":85,"column":9}},"line":83}},"branchMap":{"0":{"loc":{"start":{"line":18,"column":46},"end":{"line":18,"column":92}},"type":"cond-expr","locations":[{"start":{"line":18,"column":70},"end":{"line":18,"column":73}},{"start":{"line":18,"column":76},"end":{"line":18,"column":92}}],"line":18},"1":{"loc":{"start":{"line":18,"column":46},"end":{"line":18,"column":67}},"type":"binary-expr","locations":[{"start":{"line":18,"column":46},"end":{"line":18,"column":49}},{"start":{"line":18,"column":53},"end":{"line":18,"column":67}}],"line":18},"2":{"loc":{"start":{"line":20,"column":51},"end":{"line":20,"column":355}},"type":"if","locations":[{"start":{"line":20,"column":51},"end":{"line":20,"column":355}},{"start":{"line":20,"column":51},"end":{"line":20,"column":355}}],"line":20},"3":{"loc":{"start":{"line":20,"column":55},"end":{"line":20,"column":122}},"type":"binary-expr","locations":[{"start":{"line":20,"column":55},"end":{"line":20,"column":83}},{"start":{"line":20,"column":87},"end":{"line":20,"column":122}}],"line":20},"4":{"loc":{"start":{"line":20,"column":232},"end":{"line":20,"column":349}},"type":"cond-expr","locations":[{"start":{"line":20,"column":328},"end":{"line":20,"column":336}},{"start":{"line":20,"column":339},"end":{"line":20,"column":349}}],"line":20},"5":{"loc":{"start":{"line":20,"column":232},"end":{"line":20,"column":325}},"type":"binary-expr","locations":[{"start":{"line":20,"column":232},"end":{"line":20,"column":235}},{"start":{"line":20,"column":239},"end":{"line":20,"column":267}},{"start":{"line":20,"column":271},"end":{"line":20,"column":297}},{"start":{"line":20,"column":301},"end":{"line":20,"column":325}}],"line":20},"6":{"loc":{"start":{"line":22,"column":50},"end":{"line":22,"column":151}},"type":"if","locations":[{"start":{"line":22,"column":50},"end":{"line":22,"column":151}},{"start":{"line":22,"column":50},"end":{"line":22,"column":151}}],"line":22},"7":{"loc":{"start":{"line":24,"column":136},"end":{"line":24,"column":166}},"type":"binary-expr","locations":[{"start":{"line":24,"column":136},"end":{"line":24,"column":157}},{"start":{"line":24,"column":161},"end":{"line":24,"column":166}}],"line":24},"8":{"loc":{"start":{"line":24,"column":200},"end":{"line":24,"column":254}},"type":"if","locations":[{"start":{"line":24,"column":200},"end":{"line":24,"column":254}},{"start":{"line":24,"column":200},"end":{"line":24,"column":254}}],"line":24},"9":{"loc":{"start":{"line":26,"column":62},"end":{"line":26,"column":131}},"type":"if","locations":[{"start":{"line":26,"column":62},"end":{"line":26,"column":131}},{"start":{"line":26,"column":62},"end":{"line":26,"column":131}}],"line":26},"10":{"loc":{"start":{"line":26,"column":132},"end":{"line":26,"column":193}},"type":"if","locations":[{"start":{"line":26,"column":132},"end":{"line":26,"column":193}},{"start":{"line":26,"column":132},"end":{"line":26,"column":193}}],"line":26},"11":{"loc":{"start":{"line":28,"column":43},"end":{"line":28,"column":182}},"type":"if","locations":[{"start":{"line":28,"column":43},"end":{"line":28,"column":182}},{"start":{"line":28,"column":43},"end":{"line":28,"column":182}}],"line":28},"12":{"loc":{"start":{"line":28,"column":47},"end":{"line":28,"column":102}},"type":"binary-expr","locations":[{"start":{"line":28,"column":47},"end":{"line":28,"column":79}},{"start":{"line":28,"column":83},"end":{"line":28,"column":102}}],"line":28},"13":{"loc":{"start":{"line":28,"column":218},"end":{"line":28,"column":252}},"type":"binary-expr","locations":[{"start":{"line":28,"column":218},"end":{"line":28,"column":228}},{"start":{"line":28,"column":232},"end":{"line":28,"column":252}}],"line":28},"14":{"loc":{"start":{"line":28,"column":329},"end":{"line":28,"column":383}},"type":"if","locations":[{"start":{"line":28,"column":329},"end":{"line":28,"column":383}},{"start":{"line":28,"column":329},"end":{"line":28,"column":383}}],"line":28},"15":{"loc":{"start":{"line":30,"column":51},"end":{"line":30,"column":137}},"type":"binary-expr","locations":[{"start":{"line":30,"column":51},"end":{"line":30,"column":72}},{"start":{"line":30,"column":76},"end":{"line":30,"column":137}}],"line":30},"16":{"loc":{"start":{"line":32,"column":181},"end":{"line":32,"column":371}},"type":"if","locations":[{"start":{"line":32,"column":181},"end":{"line":32,"column":371}},{"start":{"line":32,"column":181},"end":{"line":32,"column":371}}],"line":32},"17":{"loc":{"start":{"line":34,"column":50},"end":{"line":34,"column":138}},"type":"if","locations":[{"start":{"line":34,"column":50},"end":{"line":34,"column":138}},{"start":{"line":34,"column":50},"end":{"line":34,"column":138}}],"line":34},"18":{"loc":{"start":{"line":34,"column":54},"end":{"line":34,"column":120}},"type":"binary-expr","locations":[{"start":{"line":34,"column":54},"end":{"line":34,"column":58}},{"start":{"line":34,"column":63},"end":{"line":34,"column":89}},{"start":{"line":34,"column":93},"end":{"line":34,"column":119}}],"line":34},"19":{"loc":{"start":{"line":36,"column":40},"end":{"line":36,"column":151}},"type":"if","locations":[{"start":{"line":36,"column":40},"end":{"line":36,"column":151}},{"start":{"line":36,"column":40},"end":{"line":36,"column":151}}],"line":36},"20":{"loc":{"start":{"line":38,"column":39},"end":{"line":38,"column":110}},"type":"if","locations":[{"start":{"line":38,"column":39},"end":{"line":38,"column":110}},{"start":{"line":38,"column":39},"end":{"line":38,"column":110}}],"line":38},"21":{"loc":{"start":{"line":38,"column":43},"end":{"line":38,"column":95}},"type":"binary-expr","locations":[{"start":{"line":38,"column":43},"end":{"line":38,"column":73}},{"start":{"line":38,"column":77},"end":{"line":38,"column":95}}],"line":38},"22":{"loc":{"start":{"line":38,"column":111},"end":{"line":38,"column":152}},"type":"if","locations":[{"start":{"line":38,"column":111},"end":{"line":38,"column":152}},{"start":{"line":38,"column":111},"end":{"line":38,"column":152}}],"line":38},"23":{"loc":{"start":{"line":38,"column":153},"end":{"line":38,"column":198}},"type":"if","locations":[{"start":{"line":38,"column":153},"end":{"line":38,"column":198}},{"start":{"line":38,"column":153},"end":{"line":38,"column":198}}],"line":38},"24":{"loc":{"start":{"line":40,"column":48},"end":{"line":40,"column":175}},"type":"cond-expr","locations":[{"start":{"line":40,"column":72},"end":{"line":40,"column":93}},{"start":{"line":40,"column":96},"end":{"line":40,"column":175}}],"line":40},"25":{"loc":{"start":{"line":40,"column":133},"end":{"line":40,"column":172}},"type":"binary-expr","locations":[{"start":{"line":40,"column":133},"end":{"line":40,"column":144}},{"start":{"line":40,"column":148},"end":{"line":40,"column":172}}],"line":40}},"s":{"0":1,"1":1,"2":1,"3":1,"4":1,"5":1,"6":1,"7":1,"8":1,"9":1,"10":1,"11":0,"12":0,"13":1,"14":1,"15":0,"16":1,"17":1,"18":1,"19":1,"20":1,"21":1,"22":1,"23":1,"24":1,"25":1,"26":1,"27":0,"28":1,"29":1,"30":0,"31":1,"32":1,"33":1,"34":1,"35":0,"36":0,"37":1,"38":1,"39":1,"40":1,"41":1,"42":1,"43":1,"44":0,"45":1,"46":1,"47":1,"48":0,"49":0,"50":0,"51":0,"52":1,"53":0,"54":1,"55":0,"56":1,"57":1,"58":0,"59":0,"60":0,"61":0,"62":1,"63":0,"64":1,"65":1,"66":1,"67":1,"68":1,"69":1,"70":1,"71":1,"72":1,"73":0,"74":1,"75":1,"76":1},"f":{"0":1,"1":1,"2":1,"3":0,"4":1,"5":1,"6":1,"7":1,"8":1,"9":0,"10":1,"11":1,"12":1,"13":0,"14":1,"15":0,"16":1,"17":0,"18":1,"19":1,"20":1,"21":0},"b":{"0":[0,1],"1":[1,1],"2":[1,0],"3":[1,1],"4":[0,0],"5":[0,0,0,0],"6":[0,1],"7":[1,1],"8":[1,0],"9":[1,0],"10":[0,1],"11":[0,1],"12":[1,0],"13":[1,1],"14":[1,0],"15":[1,0],"16":[1,0],"17":[1,0],"18":[1,1,0],"19":[0,0],"20":[0,1],"21":[1,1],"22":[0,1],"23":[1,0],"24":[1,0],"25":[0,0]},"inputSourceMap":{"version":3,"sources":["CardBenefit.js"],"names":["CardBenefit","backgroundColor","props","color","title","benefitId","faPen","width","marginRight","deleteBenefits","faTrashAlt","description","React","Component"],"mappings":";;;;;;;AAAA;;AACA;;AACA;;AACA;;AACA;;;;;;;;;;;;;;;;;;;;;;;;;;IAGMA,W;;;;;;;;;;;;;6BAGK;AAAA;;AACP,0BACE,6BAAC,oBAAD;AAAM,QAAA,SAAS,EAAC,aAAhB;AAA8B,QAAA,KAAK,EAAE;AAACC,UAAAA,eAAe,EAAG,KAAKC,KAAL,CAAWC;AAA9B;AAArC,sBACA,6BAAC,oBAAD,CAAM,IAAN,qBACE;AAAK,QAAA,SAAS,EAAC;AAAf,sBACE;AAAK,QAAA,SAAS,EAAC;AAAf,sBACE,6BAAC,oBAAD,CAAM,KAAN;AAAY,QAAA,SAAS,EAAC;AAAtB,SAAsC,KAAKD,KAAL,CAAWE,KAAjD,CADF,CADF,eAIE;AAAK,QAAA,SAAS,EAAC;AAAf,sBACE;AAAG,QAAA,SAAS,EAAC,WAAb;AAAyB,QAAA,IAAI,EAAE,uBAAuB,KAAKF,KAAL,CAAWG;AAAjE,sBACA,6BAAC,iCAAD;AAAiB,QAAA,IAAI,EAAEC,wBAAvB;AAA8B,QAAA,KAAK,EAAE;AAAEC,UAAAA,KAAK,EAAE,MAAT;AAAiBC,UAAAA,WAAW,EAAE;AAA9B;AAArC,QADA,CADF,CAJF,eASE;AAAK,QAAA,SAAS,EAAC;AAAf,sBACE;AAAG,QAAA,OAAO,EAAE;AAAA,iBAAM,KAAI,CAACN,KAAL,CAAWO,cAAX,CAA0B,KAAI,CAACP,KAAL,CAAWG,SAArC,CAAN;AAAA,SAAZ;AAAmE,QAAA,IAAI,EAAC,sBAAxE;AAA+F,QAAA,IAAI,EAAC;AAApG,sBACE,6BAAC,iCAAD;AAAiB,QAAA,IAAI,EAAEK,6BAAvB;AAAmC,QAAA,KAAK,EAAE;AAAEH,UAAAA,KAAK,EAAE,MAAT;AAAiBC,UAAAA,WAAW,EAAE,MAA9B;AAAsCL,UAAAA,KAAK,EAAE;AAA7C;AAA1C,QADF,CADF,CATF,CADF,eAgBE,6BAAC,oBAAD,CAAM,IAAN;AAAW,QAAA,SAAS,EAAC;AAArB,SACC,KAAKD,KAAL,CAAWS,WADZ,CAhBF,CADA,CADF;AAwBD;;;;EA5BuBC,eAAMC,S;;eA+BjBb,W","sourceRoot":"/app/src/components/components/","sourcesContent":["import React from \"react\";\nimport { Card } from \"react-bootstrap\";\nimport { FontAwesomeIcon } from \"@fortawesome/react-fontawesome\";\nimport { faPen, faTrashAlt } from \"@fortawesome/free-solid-svg-icons\";\nimport \"./cardBenefit.css\";\n\n\nclass CardBenefit extends React.Component {\n  \n\n  render() {\n    return ( \n      <Card className=\"cardBenefit\" style={{backgroundColor : this.props.color}}>\n      <Card.Body>\n        <div className=\"row\">\n          <div className=\"col-8\">\n            <Card.Title className=\"titleBenefit\">{this.props.title}</Card.Title>\n          </div>\n          <div className=\"iconsBenefit col-1\">\n            <a className=\"titleLink\" href={\"/BeneficiosEditar/\" + this.props.benefitId} >\n            <FontAwesomeIcon icon={faPen} style={{ width: \"20px\", marginRight: \"10px\"}} />\n            </a>\n          </div>\n          <div className=\"iconsBenefit col-1\">\n            <a onClick={() => this.props.deleteBenefits(this.props.benefitId)} href=\"/BeneficiosGerenciar\" type=\"button\">\n              <FontAwesomeIcon icon={faTrashAlt} style={{ width: \"20px\", marginRight: \"10px\", color: \"#E2E2E2\"}}/>\n            </a>\n          </div>\n        </div>\n        <Card.Text className=\"descriptionBenefit\">\n        {this.props.description}\n        </Card.Text>\n      </Card.Body>\n    </Card>\n     );\n  }\n}\n\nexport default CardBenefit;"]},"_coverageSchema":"1a1c01bbd47fc00a2c39e90264f33305004495a9","hash":"352a822d858eea2d693e9ea29b975c31b8a84105","contentHash":"fb017897139c70b51506bae52574537329205e8b0830aec531628173a25c980f"},"/app/src/components/components/EditNewsForm.js":{"path":"/app/src/components/components/EditNewsForm.js","statementMap":{"0":{"start":{"line":3,"column":0},"end":{"line":5,"column":3}},"1":{"start":{"line":6,"column":0},"end":{"line":6,"column":25}},"2":{"start":{"line":8,"column":13},"end":{"line":8,"column":53}},"3":{"start":{"line":10,"column":12},"end":{"line":10,"column":67}},"4":{"start":{"line":12,"column":14},"end":{"line":12,"column":71}},"5":{"start":{"line":14,"column":19},"end":{"line":14,"column":80}},"6":{"start":{"line":16,"column":22},"end":{"line":16,"column":49}},"7":{"start":{"line":18,"column":0},"end":{"line":18,"column":30}},"8":{"start":{"line":20,"column":19},"end":{"line":20,"column":80}},"9":{"start":{"line":22,"column":39},"end":{"line":22,"column":93}},"10":{"start":{"line":24,"column":51},"end":{"line":24,"column":355}},"11":{"start":{"line":24,"column":126},"end":{"line":24,"column":181}},"12":{"start":{"line":24,"column":160},"end":{"line":24,"column":178}},"13":{"start":{"line":24,"column":191},"end":{"line":24,"column":353}},"14":{"start":{"line":24,"column":225},"end":{"line":24,"column":350}},"15":{"start":{"line":24,"column":356},"end":{"line":24,"column":376}},"16":{"start":{"line":26,"column":77},"end":{"line":26,"column":175}},"17":{"start":{"line":26,"column":94},"end":{"line":26,"column":107}},"18":{"start":{"line":26,"column":121},"end":{"line":26,"column":131}},"19":{"start":{"line":26,"column":151},"end":{"line":26,"column":165}},"20":{"start":{"line":26,"column":166},"end":{"line":26,"column":173}},"21":{"start":{"line":26,"column":176},"end":{"line":26,"column":263}},"22":{"start":{"line":26,"column":193},"end":{"line":26,"column":208}},"23":{"start":{"line":26,"column":218},"end":{"line":26,"column":261}},"24":{"start":{"line":28,"column":33},"end":{"line":28,"column":387}},"25":{"start":{"line":28,"column":65},"end":{"line":28,"column":69}},"26":{"start":{"line":28,"column":78},"end":{"line":28,"column":87}},"27":{"start":{"line":28,"column":89},"end":{"line":28,"column":384}},"28":{"start":{"line":28,"column":147},"end":{"line":28,"column":167}},"29":{"start":{"line":28,"column":193},"end":{"line":28,"column":264}},"30":{"start":{"line":28,"column":290},"end":{"line":28,"column":360}},"31":{"start":{"line":28,"column":363},"end":{"line":28,"column":380}},"32":{"start":{"line":30,"column":50},"end":{"line":30,"column":151}},"33":{"start":{"line":30,"column":92},"end":{"line":30,"column":149}},"34":{"start":{"line":32,"column":44},"end":{"line":32,"column":315}},"35":{"start":{"line":32,"column":57},"end":{"line":32,"column":58}},"36":{"start":{"line":32,"column":102},"end":{"line":32,"column":110}},"37":{"start":{"line":32,"column":112},"end":{"line":32,"column":167}},"38":{"start":{"line":32,"column":168},"end":{"line":32,"column":199}},"39":{"start":{"line":32,"column":200},"end":{"line":32,"column":254}},"40":{"start":{"line":32,"column":227},"end":{"line":32,"column":254}},"41":{"start":{"line":32,"column":255},"end":{"line":32,"column":313}},"42":{"start":{"line":34,"column":62},"end":{"line":34,"column":131}},"43":{"start":{"line":34,"column":78},"end":{"line":34,"column":131}},"44":{"start":{"line":34,"column":132},"end":{"line":34,"column":193}},"45":{"start":{"line":34,"column":149},"end":{"line":34,"column":193}},"46":{"start":{"line":34,"column":194},"end":{"line":34,"column":213}},"47":{"start":{"line":36,"column":43},"end":{"line":36,"column":182}},"48":{"start":{"line":36,"column":106},"end":{"line":36,"column":180}},"49":{"start":{"line":36,"column":183},"end":{"line":36,"column":328}},"50":{"start":{"line":36,"column":329},"end":{"line":36,"column":383}},"51":{"start":{"line":36,"column":345},"end":{"line":36,"column":383}},"52":{"start":{"line":38,"column":33},"end":{"line":38,"column":138}},"53":{"start":{"line":38,"column":109},"end":{"line":38,"column":125}},"54":{"start":{"line":38,"column":126},"end":{"line":38,"column":135}},"55":{"start":{"line":38,"column":139},"end":{"line":38,"column":168}},"56":{"start":{"line":40,"column":65},"end":{"line":40,"column":92}},"57":{"start":{"line":40,"column":94},"end":{"line":40,"column":423}},"58":{"start":{"line":40,"column":147},"end":{"line":40,"column":171}},"59":{"start":{"line":40,"column":181},"end":{"line":40,"column":371}},"60":{"start":{"line":40,"column":230},"end":{"line":40,"column":263}},"61":{"start":{"line":40,"column":265},"end":{"line":40,"column":321}},"62":{"start":{"line":40,"column":331},"end":{"line":40,"column":369}},"63":{"start":{"line":40,"column":372},"end":{"line":40,"column":420}},"64":{"start":{"line":42,"column":50},"end":{"line":42,"column":138}},"65":{"start":{"line":42,"column":124},"end":{"line":42,"column":136}},"66":{"start":{"line":42,"column":139},"end":{"line":42,"column":175}},"67":{"start":{"line":44,"column":40},"end":{"line":44,"column":151}},"68":{"start":{"line":44,"column":63},"end":{"line":44,"column":149}},"69":{"start":{"line":44,"column":152},"end":{"line":44,"column":164}},"70":{"start":{"line":46,"column":39},"end":{"line":46,"column":110}},"71":{"start":{"line":46,"column":97},"end":{"line":46,"column":110}},"72":{"start":{"line":46,"column":111},"end":{"line":46,"column":152}},"73":{"start":{"line":46,"column":139},"end":{"line":46,"column":152}},"74":{"start":{"line":46,"column":153},"end":{"line":46,"column":198}},"75":{"start":{"line":46,"column":186},"end":{"line":46,"column":198}},"76":{"start":{"line":46,"column":199},"end":{"line":46,"column":322}},"77":{"start":{"line":46,"column":205},"end":{"line":46,"column":279}},"78":{"start":{"line":46,"column":280},"end":{"line":46,"column":292}},"79":{"start":{"line":46,"column":307},"end":{"line":46,"column":320}},"80":{"start":{"line":48,"column":30},"end":{"line":48,"column":176}},"81":{"start":{"line":48,"column":126},"end":{"line":48,"column":173}},"82":{"start":{"line":48,"column":177},"end":{"line":48,"column":203}},"83":{"start":{"line":50,"column":32},"end":{"line":432,"column":27}},"84":{"start":{"line":51,"column":2},"end":{"line":51,"column":44}},"85":{"start":{"line":53,"column":15},"end":{"line":53,"column":41}},"86":{"start":{"line":58,"column":4},"end":{"line":58,"column":40}},"87":{"start":{"line":60,"column":4},"end":{"line":60,"column":37}},"88":{"start":{"line":61,"column":4},"end":{"line":72,"column":6}},"89":{"start":{"line":74,"column":4},"end":{"line":74,"column":47}},"90":{"start":{"line":76,"column":4},"end":{"line":76,"column":80}},"91":{"start":{"line":77,"column":4},"end":{"line":77,"column":80}},"92":{"start":{"line":79,"column":4},"end":{"line":79,"column":80}},"93":{"start":{"line":80,"column":4},"end":{"line":80,"column":17}},"94":{"start":{"line":83,"column":2},"end":{"line":429,"column":6}},"95":{"start":{"line":86,"column":21},"end":{"line":114,"column":9}},"96":{"start":{"line":88,"column":8},"end":{"line":113,"column":26}},"97":{"start":{"line":89,"column":10},"end":{"line":112,"column":11}},"98":{"start":{"line":90,"column":12},"end":{"line":111,"column":13}},"99":{"start":{"line":92,"column":16},"end":{"line":92,"column":34}},"100":{"start":{"line":93,"column":16},"end":{"line":93,"column":67}},"101":{"start":{"line":96,"column":16},"end":{"line":96,"column":41}},"102":{"start":{"line":97,"column":16},"end":{"line":97,"column":34}},"103":{"start":{"line":98,"column":16},"end":{"line":98,"column":74}},"104":{"start":{"line":101,"column":16},"end":{"line":101,"column":38}},"105":{"start":{"line":102,"column":16},"end":{"line":102,"column":45}},"106":{"start":{"line":103,"column":16},"end":{"line":106,"column":19}},"107":{"start":{"line":110,"column":16},"end":{"line":110,"column":39}},"108":{"start":{"line":117,"column":8},"end":{"line":117,"column":47}},"109":{"start":{"line":120,"column":6},"end":{"line":120,"column":21}},"110":{"start":{"line":125,"column":6},"end":{"line":125,"column":21}},"111":{"start":{"line":130,"column":6},"end":{"line":187,"column":7}},"112":{"start":{"line":132,"column":10},"end":{"line":136,"column":11}},"113":{"start":{"line":133,"column":12},"end":{"line":135,"column":15}},"114":{"start":{"line":138,"column":10},"end":{"line":138,"column":16}},"115":{"start":{"line":141,"column":10},"end":{"line":145,"column":11}},"116":{"start":{"line":142,"column":12},"end":{"line":144,"column":15}},"117":{"start":{"line":147,"column":10},"end":{"line":147,"column":16}},"118":{"start":{"line":150,"column":10},"end":{"line":154,"column":11}},"119":{"start":{"line":151,"column":12},"end":{"line":153,"column":15}},"120":{"start":{"line":156,"column":10},"end":{"line":156,"column":16}},"121":{"start":{"line":159,"column":10},"end":{"line":163,"column":11}},"122":{"start":{"line":160,"column":12},"end":{"line":162,"column":15}},"123":{"start":{"line":165,"column":10},"end":{"line":165,"column":16}},"124":{"start":{"line":168,"column":10},"end":{"line":172,"column":11}},"125":{"start":{"line":169,"column":12},"end":{"line":171,"column":15}},"126":{"start":{"line":174,"column":10},"end":{"line":174,"column":16}},"127":{"start":{"line":177,"column":10},"end":{"line":181,"column":11}},"128":{"start":{"line":178,"column":12},"end":{"line":180,"column":15}},"129":{"start":{"line":183,"column":10},"end":{"line":183,"column":16}},"130":{"start":{"line":186,"column":10},"end":{"line":186,"column":16}},"131":{"start":{"line":192,"column":26},"end":{"line":222,"column":9}},"132":{"start":{"line":194,"column":8},"end":{"line":221,"column":37}},"133":{"start":{"line":195,"column":10},"end":{"line":220,"column":11}},"134":{"start":{"line":196,"column":12},"end":{"line":219,"column":13}},"135":{"start":{"line":198,"column":16},"end":{"line":198,"column":39}},"136":{"start":{"line":199,"column":16},"end":{"line":199,"column":34}},"137":{"start":{"line":201,"column":16},"end":{"line":201,"column":35}},"138":{"start":{"line":202,"column":16},"end":{"line":202,"column":35}},"139":{"start":{"line":203,"column":16},"end":{"line":203,"column":73}},"140":{"start":{"line":206,"column":16},"end":{"line":206,"column":55}},"141":{"start":{"line":207,"column":16},"end":{"line":207,"column":66}},"142":{"start":{"line":208,"column":16},"end":{"line":208,"column":36}},"143":{"start":{"line":209,"column":16},"end":{"line":209,"column":22}},"144":{"start":{"line":212,"column":16},"end":{"line":212,"column":35}},"145":{"start":{"line":213,"column":16},"end":{"line":213,"column":53}},"146":{"start":{"line":214,"column":16},"end":{"line":214,"column":78}},"147":{"start":{"line":218,"column":16},"end":{"line":218,"column":40}},"148":{"start":{"line":225,"column":8},"end":{"line":225,"column":52}},"149":{"start":{"line":228,"column":6},"end":{"line":228,"column":26}},"150":{"start":{"line":233,"column":24},"end":{"line":263,"column":9}},"151":{"start":{"line":234,"column":8},"end":{"line":262,"column":37}},"152":{"start":{"line":235,"column":10},"end":{"line":261,"column":11}},"153":{"start":{"line":236,"column":12},"end":{"line":260,"column":13}},"154":{"start":{"line":238,"column":16},"end":{"line":241,"column":17}},"155":{"start":{"line":239,"column":18},"end":{"line":239,"column":38}},"156":{"start":{"line":240,"column":18},"end":{"line":240,"column":24}},"157":{"start":{"line":243,"column":16},"end":{"line":243,"column":35}},"158":{"start":{"line":244,"column":16},"end":{"line":244,"column":35}},"159":{"start":{"line":245,"column":16},"end":{"line":245,"column":76}},"160":{"start":{"line":248,"column":16},"end":{"line":248,"column":66}},"161":{"start":{"line":249,"column":16},"end":{"line":249,"column":36}},"162":{"start":{"line":250,"column":16},"end":{"line":250,"column":22}},"163":{"start":{"line":253,"column":16},"end":{"line":253,"column":35}},"164":{"start":{"line":254,"column":16},"end":{"line":254,"column":53}},"165":{"start":{"line":255,"column":16},"end":{"line":255,"column":77}},"166":{"start":{"line":259,"column":16},"end":{"line":259,"column":40}},"167":{"start":{"line":266,"column":8},"end":{"line":266,"column":50}},"168":{"start":{"line":269,"column":6},"end":{"line":269,"column":24}},"169":{"start":{"line":274,"column":6},"end":{"line":276,"column":9}},"170":{"start":{"line":302,"column":19},"end":{"line":302,"column":23}},"171":{"start":{"line":304,"column":6},"end":{"line":427,"column":23}},"172":{"start":{"line":344,"column":8},"end":{"line":347,"column":44}},"173":{"start":{"line":414,"column":10},"end":{"line":414,"column":46}},"174":{"start":{"line":431,"column":2},"end":{"line":431,"column":22}},"175":{"start":{"line":434,"column":15},"end":{"line":434,"column":60}},"176":{"start":{"line":436,"column":0},"end":{"line":436,"column":27}}},"fnMap":{"0":{"name":"_interopRequireDefault","decl":{"start":{"line":22,"column":9},"end":{"line":22,"column":31}},"loc":{"start":{"line":22,"column":37},"end":{"line":22,"column":95}},"line":22},"1":{"name":"_typeof","decl":{"start":{"line":24,"column":9},"end":{"line":24,"column":16}},"loc":{"start":{"line":24,"column":22},"end":{"line":24,"column":378}},"line":24},"2":{"name":"_typeof","decl":{"start":{"line":24,"column":145},"end":{"line":24,"column":152}},"loc":{"start":{"line":24,"column":158},"end":{"line":24,"column":180}},"line":24},"3":{"name":"_typeof","decl":{"start":{"line":24,"column":210},"end":{"line":24,"column":217}},"loc":{"start":{"line":24,"column":223},"end":{"line":24,"column":352}},"line":24},"4":{"name":"asyncGeneratorStep","decl":{"start":{"line":26,"column":9},"end":{"line":26,"column":27}},"loc":{"start":{"line":26,"column":75},"end":{"line":26,"column":265}},"line":26},"5":{"name":"_asyncToGenerator","decl":{"start":{"line":28,"column":9},"end":{"line":28,"column":26}},"loc":{"start":{"line":28,"column":31},"end":{"line":28,"column":389}},"line":28},"6":{"name":"(anonymous_6)","decl":{"start":{"line":28,"column":40},"end":{"line":28,"column":41}},"loc":{"start":{"line":28,"column":52},"end":{"line":28,"column":386}},"line":28},"7":{"name":"(anonymous_7)","decl":{"start":{"line":28,"column":108},"end":{"line":28,"column":109}},"loc":{"start":{"line":28,"column":135},"end":{"line":28,"column":382}},"line":28},"8":{"name":"_next","decl":{"start":{"line":28,"column":178},"end":{"line":28,"column":183}},"loc":{"start":{"line":28,"column":191},"end":{"line":28,"column":266}},"line":28},"9":{"name":"_throw","decl":{"start":{"line":28,"column":276},"end":{"line":28,"column":282}},"loc":{"start":{"line":28,"column":288},"end":{"line":28,"column":362}},"line":28},"10":{"name":"_classCallCheck","decl":{"start":{"line":30,"column":9},"end":{"line":30,"column":24}},"loc":{"start":{"line":30,"column":48},"end":{"line":30,"column":153}},"line":30},"11":{"name":"_defineProperties","decl":{"start":{"line":32,"column":9},"end":{"line":32,"column":26}},"loc":{"start":{"line":32,"column":42},"end":{"line":32,"column":317}},"line":32},"12":{"name":"_createClass","decl":{"start":{"line":34,"column":9},"end":{"line":34,"column":21}},"loc":{"start":{"line":34,"column":60},"end":{"line":34,"column":215}},"line":34},"13":{"name":"_inherits","decl":{"start":{"line":36,"column":9},"end":{"line":36,"column":18}},"loc":{"start":{"line":36,"column":41},"end":{"line":36,"column":385}},"line":36},"14":{"name":"_setPrototypeOf","decl":{"start":{"line":38,"column":9},"end":{"line":38,"column":24}},"loc":{"start":{"line":38,"column":31},"end":{"line":38,"column":170}},"line":38},"15":{"name":"_setPrototypeOf","decl":{"start":{"line":38,"column":85},"end":{"line":38,"column":100}},"loc":{"start":{"line":38,"column":107},"end":{"line":38,"column":137}},"line":38},"16":{"name":"_createSuper","decl":{"start":{"line":40,"column":9},"end":{"line":40,"column":21}},"loc":{"start":{"line":40,"column":31},"end":{"line":40,"column":425}},"line":40},"17":{"name":"_createSuperInternal","decl":{"start":{"line":40,"column":110},"end":{"line":40,"column":130}},"loc":{"start":{"line":40,"column":133},"end":{"line":40,"column":422}},"line":40},"18":{"name":"_possibleConstructorReturn","decl":{"start":{"line":42,"column":9},"end":{"line":42,"column":35}},"loc":{"start":{"line":42,"column":48},"end":{"line":42,"column":177}},"line":42},"19":{"name":"_assertThisInitialized","decl":{"start":{"line":44,"column":9},"end":{"line":44,"column":31}},"loc":{"start":{"line":44,"column":38},"end":{"line":44,"column":166}},"line":44},"20":{"name":"_isNativeReflectConstruct","decl":{"start":{"line":46,"column":9},"end":{"line":46,"column":34}},"loc":{"start":{"line":46,"column":37},"end":{"line":46,"column":324}},"line":46},"21":{"name":"(anonymous_21)","decl":{"start":{"line":46,"column":262},"end":{"line":46,"column":263}},"loc":{"start":{"line":46,"column":274},"end":{"line":46,"column":276}},"line":46},"22":{"name":"_getPrototypeOf","decl":{"start":{"line":48,"column":9},"end":{"line":48,"column":24}},"loc":{"start":{"line":48,"column":28},"end":{"line":48,"column":205}},"line":48},"23":{"name":"_getPrototypeOf","decl":{"start":{"line":48,"column":105},"end":{"line":48,"column":120}},"loc":{"start":{"line":48,"column":124},"end":{"line":48,"column":175}},"line":48},"24":{"name":"(anonymous_24)","decl":{"start":{"line":50,"column":32},"end":{"line":50,"column":33}},"loc":{"start":{"line":50,"column":60},"end":{"line":432,"column":1}},"line":50},"25":{"name":"EditNewsForm","decl":{"start":{"line":55,"column":11},"end":{"line":55,"column":23}},"loc":{"start":{"line":55,"column":31},"end":{"line":81,"column":3}},"line":55},"26":{"name":"(anonymous_26)","decl":{"start":{"line":85,"column":11},"end":{"line":85,"column":12}},"loc":{"start":{"line":85,"column":23},"end":{"line":121,"column":5}},"line":85},"27":{"name":"_callee","decl":{"start":{"line":86,"column":86},"end":{"line":86,"column":93}},"loc":{"start":{"line":86,"column":96},"end":{"line":114,"column":7}},"line":86},"28":{"name":"_callee$","decl":{"start":{"line":88,"column":48},"end":{"line":88,"column":56}},"loc":{"start":{"line":88,"column":67},"end":{"line":113,"column":9}},"line":88},"29":{"name":"getNews","decl":{"start":{"line":116,"column":15},"end":{"line":116,"column":22}},"loc":{"start":{"line":116,"column":25},"end":{"line":118,"column":7}},"line":116},"30":{"name":"componentDidMount","decl":{"start":{"line":124,"column":20},"end":{"line":124,"column":37}},"loc":{"start":{"line":124,"column":40},"end":{"line":126,"column":5}},"line":124},"31":{"name":"handleChange","decl":{"start":{"line":129,"column":20},"end":{"line":129,"column":32}},"loc":{"start":{"line":129,"column":40},"end":{"line":188,"column":5}},"line":129},"32":{"name":"(anonymous_32)","decl":{"start":{"line":191,"column":11},"end":{"line":191,"column":12}},"loc":{"start":{"line":191,"column":23},"end":{"line":229,"column":5}},"line":191},"33":{"name":"_callee2","decl":{"start":{"line":192,"column":91},"end":{"line":192,"column":99}},"loc":{"start":{"line":192,"column":107},"end":{"line":222,"column":7}},"line":192},"34":{"name":"_callee2$","decl":{"start":{"line":194,"column":48},"end":{"line":194,"column":57}},"loc":{"start":{"line":194,"column":69},"end":{"line":221,"column":9}},"line":194},"35":{"name":"handleSubmit","decl":{"start":{"line":224,"column":15},"end":{"line":224,"column":27}},"loc":{"start":{"line":224,"column":32},"end":{"line":226,"column":7}},"line":224},"36":{"name":"(anonymous_36)","decl":{"start":{"line":232,"column":11},"end":{"line":232,"column":12}},"loc":{"start":{"line":232,"column":23},"end":{"line":270,"column":5}},"line":232},"37":{"name":"_callee3","decl":{"start":{"line":233,"column":89},"end":{"line":233,"column":97}},"loc":{"start":{"line":233,"column":106},"end":{"line":263,"column":7}},"line":233},"38":{"name":"_callee3$","decl":{"start":{"line":234,"column":48},"end":{"line":234,"column":57}},"loc":{"start":{"line":234,"column":69},"end":{"line":262,"column":9}},"line":234},"39":{"name":"deleteNews","decl":{"start":{"line":265,"column":15},"end":{"line":265,"column":25}},"loc":{"start":{"line":265,"column":31},"end":{"line":267,"column":7}},"line":265},"40":{"name":"changePostId","decl":{"start":{"line":273,"column":20},"end":{"line":273,"column":32}},"loc":{"start":{"line":273,"column":40},"end":{"line":277,"column":5}},"line":273},"41":{"name":"render","decl":{"start":{"line":301,"column":20},"end":{"line":301,"column":26}},"loc":{"start":{"line":301,"column":29},"end":{"line":428,"column":5}},"line":301},"42":{"name":"(anonymous_42)","decl":{"start":{"line":343,"column":30},"end":{"line":343,"column":31}},"loc":{"start":{"line":343,"column":46},"end":{"line":348,"column":7}},"line":343},"43":{"name":"onClick","decl":{"start":{"line":413,"column":26},"end":{"line":413,"column":33}},"loc":{"start":{"line":413,"column":36},"end":{"line":415,"column":9}},"line":413}},"branchMap":{"0":{"loc":{"start":{"line":22,"column":46},"end":{"line":22,"column":92}},"type":"cond-expr","locations":[{"start":{"line":22,"column":70},"end":{"line":22,"column":73}},{"start":{"line":22,"column":76},"end":{"line":22,"column":92}}],"line":22},"1":{"loc":{"start":{"line":22,"column":46},"end":{"line":22,"column":67}},"type":"binary-expr","locations":[{"start":{"line":22,"column":46},"end":{"line":22,"column":49}},{"start":{"line":22,"column":53},"end":{"line":22,"column":67}}],"line":22},"2":{"loc":{"start":{"line":24,"column":51},"end":{"line":24,"column":355}},"type":"if","locations":[{"start":{"line":24,"column":51},"end":{"line":24,"column":355}},{"start":{"line":24,"column":51},"end":{"line":24,"column":355}}],"line":24},"3":{"loc":{"start":{"line":24,"column":55},"end":{"line":24,"column":122}},"type":"binary-expr","locations":[{"start":{"line":24,"column":55},"end":{"line":24,"column":83}},{"start":{"line":24,"column":87},"end":{"line":24,"column":122}}],"line":24},"4":{"loc":{"start":{"line":24,"column":232},"end":{"line":24,"column":349}},"type":"cond-expr","locations":[{"start":{"line":24,"column":328},"end":{"line":24,"column":336}},{"start":{"line":24,"column":339},"end":{"line":24,"column":349}}],"line":24},"5":{"loc":{"start":{"line":24,"column":232},"end":{"line":24,"column":325}},"type":"binary-expr","locations":[{"start":{"line":24,"column":232},"end":{"line":24,"column":235}},{"start":{"line":24,"column":239},"end":{"line":24,"column":267}},{"start":{"line":24,"column":271},"end":{"line":24,"column":297}},{"start":{"line":24,"column":301},"end":{"line":24,"column":325}}],"line":24},"6":{"loc":{"start":{"line":26,"column":176},"end":{"line":26,"column":263}},"type":"if","locations":[{"start":{"line":26,"column":176},"end":{"line":26,"column":263}},{"start":{"line":26,"column":176},"end":{"line":26,"column":263}}],"line":26},"7":{"loc":{"start":{"line":30,"column":50},"end":{"line":30,"column":151}},"type":"if","locations":[{"start":{"line":30,"column":50},"end":{"line":30,"column":151}},{"start":{"line":30,"column":50},"end":{"line":30,"column":151}}],"line":30},"8":{"loc":{"start":{"line":32,"column":136},"end":{"line":32,"column":166}},"type":"binary-expr","locations":[{"start":{"line":32,"column":136},"end":{"line":32,"column":157}},{"start":{"line":32,"column":161},"end":{"line":32,"column":166}}],"line":32},"9":{"loc":{"start":{"line":32,"column":200},"end":{"line":32,"column":254}},"type":"if","locations":[{"start":{"line":32,"column":200},"end":{"line":32,"column":254}},{"start":{"line":32,"column":200},"end":{"line":32,"column":254}}],"line":32},"10":{"loc":{"start":{"line":34,"column":62},"end":{"line":34,"column":131}},"type":"if","locations":[{"start":{"line":34,"column":62},"end":{"line":34,"column":131}},{"start":{"line":34,"column":62},"end":{"line":34,"column":131}}],"line":34},"11":{"loc":{"start":{"line":34,"column":132},"end":{"line":34,"column":193}},"type":"if","locations":[{"start":{"line":34,"column":132},"end":{"line":34,"column":193}},{"start":{"line":34,"column":132},"end":{"line":34,"column":193}}],"line":34},"12":{"loc":{"start":{"line":36,"column":43},"end":{"line":36,"column":182}},"type":"if","locations":[{"start":{"line":36,"column":43},"end":{"line":36,"column":182}},{"start":{"line":36,"column":43},"end":{"line":36,"column":182}}],"line":36},"13":{"loc":{"start":{"line":36,"column":47},"end":{"line":36,"column":102}},"type":"binary-expr","locations":[{"start":{"line":36,"column":47},"end":{"line":36,"column":79}},{"start":{"line":36,"column":83},"end":{"line":36,"column":102}}],"line":36},"14":{"loc":{"start":{"line":36,"column":218},"end":{"line":36,"column":252}},"type":"binary-expr","locations":[{"start":{"line":36,"column":218},"end":{"line":36,"column":228}},{"start":{"line":36,"column":232},"end":{"line":36,"column":252}}],"line":36},"15":{"loc":{"start":{"line":36,"column":329},"end":{"line":36,"column":383}},"type":"if","locations":[{"start":{"line":36,"column":329},"end":{"line":36,"column":383}},{"start":{"line":36,"column":329},"end":{"line":36,"column":383}}],"line":36},"16":{"loc":{"start":{"line":38,"column":51},"end":{"line":38,"column":137}},"type":"binary-expr","locations":[{"start":{"line":38,"column":51},"end":{"line":38,"column":72}},{"start":{"line":38,"column":76},"end":{"line":38,"column":137}}],"line":38},"17":{"loc":{"start":{"line":40,"column":181},"end":{"line":40,"column":371}},"type":"if","locations":[{"start":{"line":40,"column":181},"end":{"line":40,"column":371}},{"start":{"line":40,"column":181},"end":{"line":40,"column":371}}],"line":40},"18":{"loc":{"start":{"line":42,"column":50},"end":{"line":42,"column":138}},"type":"if","locations":[{"start":{"line":42,"column":50},"end":{"line":42,"column":138}},{"start":{"line":42,"column":50},"end":{"line":42,"column":138}}],"line":42},"19":{"loc":{"start":{"line":42,"column":54},"end":{"line":42,"column":120}},"type":"binary-expr","locations":[{"start":{"line":42,"column":54},"end":{"line":42,"column":58}},{"start":{"line":42,"column":63},"end":{"line":42,"column":89}},{"start":{"line":42,"column":93},"end":{"line":42,"column":119}}],"line":42},"20":{"loc":{"start":{"line":44,"column":40},"end":{"line":44,"column":151}},"type":"if","locations":[{"start":{"line":44,"column":40},"end":{"line":44,"column":151}},{"start":{"line":44,"column":40},"end":{"line":44,"column":151}}],"line":44},"21":{"loc":{"start":{"line":46,"column":39},"end":{"line":46,"column":110}},"type":"if","locations":[{"start":{"line":46,"column":39},"end":{"line":46,"column":110}},{"start":{"line":46,"column":39},"end":{"line":46,"column":110}}],"line":46},"22":{"loc":{"start":{"line":46,"column":43},"end":{"line":46,"column":95}},"type":"binary-expr","locations":[{"start":{"line":46,"column":43},"end":{"line":46,"column":73}},{"start":{"line":46,"column":77},"end":{"line":46,"column":95}}],"line":46},"23":{"loc":{"start":{"line":46,"column":111},"end":{"line":46,"column":152}},"type":"if","locations":[{"start":{"line":46,"column":111},"end":{"line":46,"column":152}},{"start":{"line":46,"column":111},"end":{"line":46,"column":152}}],"line":46},"24":{"loc":{"start":{"line":46,"column":153},"end":{"line":46,"column":198}},"type":"if","locations":[{"start":{"line":46,"column":153},"end":{"line":46,"column":198}},{"start":{"line":46,"column":153},"end":{"line":46,"column":198}}],"line":46},"25":{"loc":{"start":{"line":48,"column":48},"end":{"line":48,"column":175}},"type":"cond-expr","locations":[{"start":{"line":48,"column":72},"end":{"line":48,"column":93}},{"start":{"line":48,"column":96},"end":{"line":48,"column":175}}],"line":48},"26":{"loc":{"start":{"line":48,"column":133},"end":{"line":48,"column":172}},"type":"binary-expr","locations":[{"start":{"line":48,"column":133},"end":{"line":48,"column":144}},{"start":{"line":48,"column":148},"end":{"line":48,"column":172}}],"line":48},"27":{"loc":{"start":{"line":90,"column":12},"end":{"line":111,"column":13}},"type":"switch","locations":[{"start":{"line":91,"column":14},"end":{"line":93,"column":67}},{"start":{"line":95,"column":14},"end":{"line":98,"column":74}},{"start":{"line":100,"column":14},"end":{"line":106,"column":19}},{"start":{"line":108,"column":14},"end":{"line":108,"column":21}},{"start":{"line":109,"column":14},"end":{"line":110,"column":39}}],"line":90},"28":{"loc":{"start":{"line":130,"column":6},"end":{"line":187,"column":7}},"type":"switch","locations":[{"start":{"line":131,"column":8},"end":{"line":138,"column":16}},{"start":{"line":140,"column":8},"end":{"line":147,"column":16}},{"start":{"line":149,"column":8},"end":{"line":156,"column":16}},{"start":{"line":158,"column":8},"end":{"line":165,"column":16}},{"start":{"line":167,"column":8},"end":{"line":174,"column":16}},{"start":{"line":176,"column":8},"end":{"line":183,"column":16}},{"start":{"line":185,"column":8},"end":{"line":186,"column":16}}],"line":130},"29":{"loc":{"start":{"line":132,"column":10},"end":{"line":136,"column":11}},"type":"if","locations":[{"start":{"line":132,"column":10},"end":{"line":136,"column":11}},{"start":{"line":132,"column":10},"end":{"line":136,"column":11}}],"line":132},"30":{"loc":{"start":{"line":141,"column":10},"end":{"line":145,"column":11}},"type":"if","locations":[{"start":{"line":141,"column":10},"end":{"line":145,"column":11}},{"start":{"line":141,"column":10},"end":{"line":145,"column":11}}],"line":141},"31":{"loc":{"start":{"line":150,"column":10},"end":{"line":154,"column":11}},"type":"if","locations":[{"start":{"line":150,"column":10},"end":{"line":154,"column":11}},{"start":{"line":150,"column":10},"end":{"line":154,"column":11}}],"line":150},"32":{"loc":{"start":{"line":159,"column":10},"end":{"line":163,"column":11}},"type":"if","locations":[{"start":{"line":159,"column":10},"end":{"line":163,"column":11}},{"start":{"line":159,"column":10},"end":{"line":163,"column":11}}],"line":159},"33":{"loc":{"start":{"line":168,"column":10},"end":{"line":172,"column":11}},"type":"if","locations":[{"start":{"line":168,"column":10},"end":{"line":172,"column":11}},{"start":{"line":168,"column":10},"end":{"line":172,"column":11}}],"line":168},"34":{"loc":{"start":{"line":177,"column":10},"end":{"line":181,"column":11}},"type":"if","locations":[{"start":{"line":177,"column":10},"end":{"line":181,"column":11}},{"start":{"line":177,"column":10},"end":{"line":181,"column":11}}],"line":177},"35":{"loc":{"start":{"line":196,"column":12},"end":{"line":219,"column":13}},"type":"switch","locations":[{"start":{"line":197,"column":14},"end":{"line":203,"column":73}},{"start":{"line":205,"column":14},"end":{"line":209,"column":22}},{"start":{"line":211,"column":14},"end":{"line":214,"column":78}},{"start":{"line":216,"column":14},"end":{"line":216,"column":22}},{"start":{"line":217,"column":14},"end":{"line":218,"column":40}}],"line":196},"36":{"loc":{"start":{"line":236,"column":12},"end":{"line":260,"column":13}},"type":"switch","locations":[{"start":{"line":237,"column":14},"end":{"line":245,"column":76}},{"start":{"line":247,"column":14},"end":{"line":250,"column":22}},{"start":{"line":252,"column":14},"end":{"line":255,"column":77}},{"start":{"line":257,"column":14},"end":{"line":257,"column":22}},{"start":{"line":258,"column":14},"end":{"line":259,"column":40}}],"line":236},"37":{"loc":{"start":{"line":238,"column":16},"end":{"line":241,"column":17}},"type":"if","locations":[{"start":{"line":238,"column":16},"end":{"line":241,"column":17}},{"start":{"line":238,"column":16},"end":{"line":241,"column":17}}],"line":238}},"s":{"0":1,"1":1,"2":1,"3":1,"4":1,"5":1,"6":1,"7":1,"8":1,"9":5,"10":1,"11":1,"12":6,"13":0,"14":0,"15":1,"16":21,"17":21,"18":21,"19":0,"20":0,"21":21,"22":8,"23":13,"24":3,"25":8,"26":8,"27":8,"28":8,"29":21,"30":0,"31":8,"32":6,"33":0,"34":1,"35":1,"36":7,"37":7,"38":7,"39":7,"40":7,"41":7,"42":1,"43":1,"44":1,"45":0,"46":1,"47":1,"48":0,"49":1,"50":1,"51":1,"52":1,"53":0,"54":0,"55":1,"56":1,"57":1,"58":6,"59":6,"60":6,"61":6,"62":0,"63":6,"64":6,"65":6,"66":0,"67":18,"68":0,"69":18,"70":1,"71":0,"72":1,"73":0,"74":1,"75":1,"76":0,"77":0,"78":0,"79":0,"80":1,"81":0,"82":1,"83":1,"84":1,"85":1,"86":6,"87":6,"88":6,"89":6,"90":6,"91":6,"92":6,"93":6,"94":1,"95":1,"96":6,"97":18,"98":18,"99":6,"100":6,"101":6,"102":6,"103":6,"104":6,"105":6,"106":6,"107":6,"108":6,"109":1,"110":6,"111":6,"112":2,"113":2,"114":2,"115":2,"116":2,"117":2,"118":2,"119":2,"120":2,"121":0,"122":0,"123":0,"124":0,"125":0,"126":0,"127":0,"128":0,"129":0,"130":0,"131":1,"132":2,"133":5,"134":5,"135":2,"136":2,"137":2,"138":2,"139":2,"140":1,"141":1,"142":0,"143":0,"144":2,"145":2,"146":2,"147":2,"148":2,"149":1,"150":1,"151":0,"152":0,"153":0,"154":0,"155":0,"156":0,"157":0,"158":0,"159":0,"160":0,"161":0,"162":0,"163":0,"164":0,"165":0,"166":0,"167":0,"168":1,"169":2,"170":20,"171":20,"172":16,"173":0,"174":1,"175":1,"176":1},"f":{"0":5,"1":1,"2":6,"3":0,"4":21,"5":3,"6":8,"7":8,"8":21,"9":0,"10":6,"11":1,"12":1,"13":1,"14":1,"15":0,"16":1,"17":6,"18":6,"19":18,"20":1,"21":0,"22":1,"23":0,"24":1,"25":6,"26":1,"27":6,"28":18,"29":6,"30":6,"31":6,"32":1,"33":2,"34":5,"35":2,"36":1,"37":0,"38":0,"39":0,"40":2,"41":20,"42":16,"43":0},"b":{"0":[2,3],"1":[5,5],"2":[1,0],"3":[1,1],"4":[0,0],"5":[0,0,0,0],"6":[8,13],"7":[0,6],"8":[7,7],"9":[7,0],"10":[1,0],"11":[0,1],"12":[0,1],"13":[1,0],"14":[1,1],"15":[1,0],"16":[1,0],"17":[6,0],"18":[6,0],"19":[6,6,0],"20":[0,18],"21":[0,1],"22":[1,1],"23":[0,1],"24":[1,0],"25":[1,0],"26":[0,0],"27":[6,6,6,6,6],"28":[2,2,2,0,0,0,0],"29":[2,0],"30":[2,0],"31":[2,0],"32":[0,0],"33":[0,0],"34":[0,0],"35":[2,1,2,2,2],"36":[0,0,0,0,0],"37":[0,0]},"inputSourceMap":{"version":3,"sources":["EditNewsForm.js"],"names":["EditNewsForm","props","state","title","subtitle","text","image1","image2","image3","post_id","posts","img","imgFile1","id","match","params","newsId","changePostId","bind","handleChange","handleSubmit","apiNoticias","get","response","apiPostagem","setState","data","rows","getNews","event","target","value","length","preventDefault","news","put","alert","history","push","window","confirm","delete","map","post","deleteNews","React","Component"],"mappings":";;;;;;;AAAA;;AACA;;AACA;;AACA;;AACA;;AACA;;AACA;;;;;;;;;;;;;;;;;;;;;;;;;;;;;;IAIMA,Y;;;;;AAEF,wBAAYC,KAAZ,EAAkB;AAAA;;AAAA;;AAChB,8BAAMA,KAAN;AACA,UAAKC,KAAL,GAAa;AACXC,MAAAA,KAAK,EAAE,EADI;AAEXC,MAAAA,QAAQ,EAAE,EAFC;AAGXC,MAAAA,IAAI,EAAG,EAHI;AAIXC,MAAAA,MAAM,EAAE,EAJG;AAKXC,MAAAA,MAAM,EAAE,EALG;AAMXC,MAAAA,MAAM,EAAE,EANG;AAOXC,MAAAA,OAAO,EAAE,EAPE;AAQXC,MAAAA,KAAK,EAAE,EARI;AASXC,MAAAA,GAAG,EAAE,EATM;AAUXC,MAAAA,QAAQ,EAAG;AAVA,KAAb,CAFgB,CAchB;;AACA,UAAKC,EAAL,GAAU,MAAKZ,KAAL,CAAWa,KAAX,CAAiBC,MAAjB,CAAwBC,MAAlC,CAfgB,CAiBhB;;AACA,UAAKC,YAAL,GAAoB,MAAKA,YAAL,CAAkBC,IAAlB,+BAApB;AACA,UAAKC,YAAL,GAAoB,MAAKA,YAAL,CAAkBD,IAAlB,+BAApB,CAnBgB,CAoBhB;;AACA,UAAKE,YAAL,GAAoB,MAAKA,YAAL,CAAkBF,IAAlB,+BAApB;AArBgB;AAsBjB;;;;;;;;;;;;uBAGwBG,qBAAYC,GAAZ,CAAgB,UAAQ,KAAKT,EAA7B,C;;;AAAjBU,gBAAAA,Q;;uBACcC,qBAAYF,GAAZ,CAAgB,wBAAhB,C;;;AAAdZ,gBAAAA,K;AACN,qBAAKe,QAAL,CAAcF,QAAQ,CAACG,IAAvB;AACA,qBAAKD,QAAL,CAAc;AAACf,kBAAAA,KAAK,EAAEA,KAAK,CAACgB,IAAN,CAAWC,IAAnB;AAAyBhB,kBAAAA,GAAG,EAAE,CAAC,sCAAD,EAC5C,sCAD4C,EACL,sCADK;AAA9B,iBAAd;;;;;;;;;;;;;;;;;;wCAIiB;AACjB,WAAKiB,OAAL;AACD;;;iCAEYC,K,EAAM;AACjB,cAAOA,KAAK,CAACC,MAAN,CAAajB,EAApB;AACE,aAAM,OAAN;AACI,cAAGgB,KAAK,CAACC,MAAN,CAAaC,KAAb,CAAmBC,MAAnB,IAA2B,EAA9B,EAAiC;AACjC,iBAAKP,QAAL,CAAc;AAACtB,cAAAA,KAAK,EAAE0B,KAAK,CAACC,MAAN,CAAaC;AAArB,aAAd;AACC;;AACD;;AACJ,aAAK,UAAL;AACI,cAAGF,KAAK,CAACC,MAAN,CAAaC,KAAb,CAAmBC,MAAnB,IAA2B,EAA9B,EAAiC;AACjC,iBAAKP,QAAL,CAAc;AAACrB,cAAAA,QAAQ,EAAEyB,KAAK,CAACC,MAAN,CAAaC;AAAxB,aAAd;AACC;;AACD;;AACJ,aAAK,MAAL;AACI,cAAGF,KAAK,CAACC,MAAN,CAAaC,KAAb,CAAmBC,MAAnB,IAA2B,GAA9B,EAAkC;AAC9B,iBAAKP,QAAL,CAAc;AAACpB,cAAAA,IAAI,EAAEwB,KAAK,CAACC,MAAN,CAAaC;AAApB,aAAd;AACH;;AACD;;AACJ,aAAK,QAAL;AACI,cAAGF,KAAK,CAACC,MAAN,CAAaC,KAAb,CAAmBC,MAAnB,IAA2B,EAA9B,EAAiC;AAC7B,iBAAKP,QAAL,CAAc;AAACnB,cAAAA,MAAM,EAAEuB,KAAK,CAACC,MAAN,CAAaC;AAAtB,aAAd;AACH;;AACD;;AACJ,aAAK,QAAL;AACI,cAAGF,KAAK,CAACC,MAAN,CAAaC,KAAb,CAAmBC,MAAnB,IAA2B,EAA9B,EAAiC;AAC7B,iBAAKP,QAAL,CAAc;AAAClB,cAAAA,MAAM,EAAEsB,KAAK,CAACC,MAAN,CAAaC;AAAtB,aAAd;AACH;;AACD;;AACJ,aAAK,QAAL;AACI,cAAGF,KAAK,CAACC,MAAN,CAAaC,KAAb,CAAmBC,MAAnB,IAA2B,EAA9B,EAAiC;AAC7B,iBAAKP,QAAL,CAAc;AAACjB,cAAAA,MAAM,EAAEqB,KAAK,CAACC,MAAN,CAAaC;AAAtB,aAAd;AACH;;AACD;;AACJ;AAAS;AA/BX;AAiCD;;;;oGAEkBF,K;;;;;;AACjBA,gBAAAA,KAAK,CAACI,cAAN;AACMC,gBAAAA,I,GAAO,KAAKhC,K,EAClB;;;;uBAEQmB,qBAAYc,GAAZ,CAAgB,UAAQ,KAAKtB,EAA7B,EAAkCqB,IAAlC,C;;;AACNE,gBAAAA,KAAK,CAAC,+BAAD,CAAL;AACA,qBAAKnC,KAAL,CAAWoC,OAAX,CAAmBC,IAAnB,CAAwB,wBAAxB;;;;;;;AAEAF,gBAAAA,KAAK,CAAC,sDAAD,CAAL;;;;;;;;;;;;;;;;;;;kGAKapB,M;;;;;qBACZuB,MAAM,CAACC,OAAP,CAAe,4CAAf,C;;;;;;;uBAEOnB,qBAAYoB,MAAZ,iBAA4BzB,MAA5B,E;;;AACN,qBAAKf,KAAL,CAAWoC,OAAX,CAAmBC,IAAnB,CAAwB,wBAAxB;;;;;;;AAGAF,gBAAAA,KAAK,CAAC,qDAAD,CAAL;;;;;;;;;;;;;;;;;;iCAKOP,K,EAAM;AACjB,WAAKJ,QAAL,CAAc;AAAChB,QAAAA,OAAO,EAAEoB,KAAK,CAACC,MAAN,CAAaC;AAAvB,OAAd;AACD,K,CAED;AACA;AACA;AACA;AACA;AACA;AACA;AACA;AACA;AAEA;AACA;AACA;AACA;AACA;AACA;AACA;AACA;AACA;AACA;AACA;AACA;;;;6BAES;AAAA;;AACP,0BACE,6BAAC,aAAD;AAAM,QAAA,QAAQ,EAAE,KAAKX,YAArB;AAAmC,QAAA,SAAS,EAAC;AAA7C,sBACE;AAAK,QAAA,SAAS,EAAC;AAAf,sBACE;AAAK,QAAA,SAAS,EAAC;AAAf,sBACE;AAAK,QAAA,SAAS,EAAC;AAAf,sBACE;AAAK,QAAA,SAAS,EAAC;AAAf,sBACE,6BAAC,aAAD,CAAM,KAAN;AAAY,QAAA,SAAS,EAAC,OAAtB;AAA8B,QAAA,SAAS,EAAC;AAAxC,sBACI,6BAAC,aAAD,CAAM,KAAN,oBADJ,eAEI,6BAAC,aAAD,CAAM,OAAN;AAAe,QAAA,IAAI,EAAC,MAApB;AAA2B,QAAA,WAAW,EAAC,yBAAvC;AAA2D,QAAA,KAAK,EAAE,KAAKlB,KAAL,CAAWC,KAA7E;AAAoF,QAAA,QAAQ,EAAE,KAAKgB;AAAnG,QAFJ,CADF,CADF,eAOE;AAAK,QAAA,SAAS,EAAC;AAAf,sBACI,6BAAC,aAAD,CAAM,KAAN;AAAY,QAAA,SAAS,EAAC,UAAtB;AAAiC,QAAA,SAAS,EAAC;AAA3C,sBACE,6BAAC,aAAD,CAAM,KAAN,uBADF,eAEE,6BAAC,aAAD,CAAM,OAAN;AAAc,QAAA,IAAI,EAAC,MAAnB;AAA0B,QAAA,WAAW,EAAC,cAAtC;AAAkD,QAAA,KAAK,EAAE,KAAKjB,KAAL,CAAWE,QAApE;AAA8E,QAAA,QAAQ,EAAE,KAAKe;AAA7F,QAFF,CADJ,CAPF,eAaE;AAAK,QAAA,SAAS,EAAC;AAAf,sBACE,6BAAC,aAAD,CAAM,KAAN;AAAY,QAAA,SAAS,EAAC,UAAtB;AAAiC,QAAA,SAAS,EAAC;AAA3C,sBACI,6BAAC,aAAD,CAAM,KAAN,0BADJ,eAEI;AAAQ,QAAA,EAAE,EAAC,UAAX;AAAsB,QAAA,SAAS,EAAC,cAAhC;AAA+C,QAAA,KAAK,EAAE,KAAKjB,KAAL,CAAWO,OAAjE;AAA0E,QAAA,QAAQ,EAAE,KAAKQ;AAAzF,SACG,KAAKf,KAAL,CAAWQ,KAAX,CAAiBgC,GAAjB,CAAqB,UAACC,IAAD;AAAA,4BACpB;AAAQ,UAAA,GAAG,EAAEA,IAAI,CAAClC,OAAlB;AAA2B,UAAA,KAAK,EAAEkC,IAAI,CAAClC;AAAvC,WAAiDkC,IAAI,CAAClC,OAAtD,SAAkEkC,IAAI,CAACxC,KAAvE,CADoB;AAAA,OAArB,CADH,CAFJ,CADF,CAbF,CADF,eAyBE;AAAK,QAAA,SAAS,EAAC;AAAf,sBACE;AAAK,QAAA,EAAE,EAAC,yBAAR;AAAkC,QAAA,SAAS,EAAC,gBAA5C;AAA6D,qBAAU;AAAvE,sBACE;AAAK,QAAA,SAAS,EAAC;AAAf,sBACE;AAAK,QAAA,SAAS,EAAC;AAAf,sBACE;AAAK,QAAA,SAAS,EAAC,eAAf;AAA+B,QAAA,GAAG,EAAE,KAAKD,KAAL,CAAWS,GAAX,CAAe,CAAf,CAApC;AAAuD,QAAA,GAAG,EAAC;AAA3D,QADF,CADF,eAIE;AAAK,QAAA,SAAS,EAAC;AAAf,sBACE;AAAK,QAAA,SAAS,EAAC,eAAf;AAA+B,QAAA,GAAG,EAAE,KAAKT,KAAL,CAAWS,GAAX,CAAe,CAAf,CAApC;AAAuD,QAAA,GAAG,EAAC;AAA3D,QADF,CAJF,eAOE;AAAK,QAAA,SAAS,EAAC;AAAf,sBACE;AAAK,QAAA,SAAS,EAAC,eAAf;AAA8B,QAAA,GAAG,EAAE,KAAKT,KAAL,CAAWS,GAAX,CAAe,CAAf,CAAnC;AAAsD,QAAA,GAAG,EAAC;AAA1D,QADF,CAPF,CADF,eAYE;AAAG,QAAA,SAAS,EAAC,uBAAb;AAAqC,QAAA,IAAI,EAAC,0BAA1C;AAAqE,QAAA,IAAI,EAAC,QAA1E;AAAmF,sBAAW;AAA9F,sBACE;AAAM,QAAA,SAAS,EAAC,4BAAhB;AAA6C,uBAAY;AAAzD,QADF,eAEE;AAAM,QAAA,SAAS,EAAC;AAAhB,oBAFF,CAZF,eAgBE;AAAG,QAAA,SAAS,EAAC,uBAAb;AAAqC,QAAA,IAAI,EAAC,0BAA1C;AAAqE,QAAA,IAAI,EAAC,QAA1E;AAAmF,sBAAW;AAA9F,sBACE;AAAM,QAAA,SAAS,EAAC,4BAAhB;AAA6C,uBAAY;AAAzD,QADF,eAEE;AAAM,QAAA,SAAS,EAAC;AAAhB,gBAFF,CAhBF,CADF,CAzBF,CADF,eAsDE;AAAK,QAAA,SAAS,EAAC;AAAf,sBACE,6BAAC,aAAD,CAAM,KAAN;AAAY,QAAA,SAAS,EAAC,MAAtB;AAA6B,QAAA,SAAS,EAAC;AAAvC,sBACI,6BAAC,aAAD,CAAM,KAAN,gBADJ,eAEI,6BAAC,aAAD,CAAM,OAAN;AAAc,QAAA,EAAE,EAAC,UAAjB;AAA4B,QAAA,WAAW,EAAC,OAAxC;AAAgD,QAAA,IAAI,EAAC,GAArD;AAAyD,QAAA,IAAI,EAAC,GAA9D;AAAkE,QAAA,KAAK,EAAE,KAAKT,KAAL,CAAWG,IAApF;AAA0F,QAAA,QAAQ,EAAE,KAAKc;AAAzG,QAFJ,CADF,CAtDF,eA4DE;AAAK,QAAA,SAAS,EAAC;AAAf,sBACE;AAAK,QAAA,SAAS,EAAC;AAAf,sBACE,6BAAC,eAAD;AAAQ,QAAA,EAAE,EAAC,QAAX;AAAoB,QAAA,IAAI,EAAC,QAAzB;AAAkC,QAAA,OAAO,EAAE;AAAA,iBAAM,MAAI,CAACyB,UAAL,CAAgB,MAAI,CAAC/B,EAArB,CAAN;AAAA,SAA3C;AAA2E,QAAA,IAAI,EAAC,IAAhF;AAAqF,QAAA,KAAK;AAA1F,mBADF,CADF,eAME;AAAK,QAAA,SAAS,EAAC;AAAf,QANF,eAOE;AAAK,QAAA,SAAS,EAAC;AAAf,sBACE,6BAAC,eAAD;AAAQ,QAAA,EAAE,EAAC,QAAX;AAAoB,QAAA,IAAI,EAAC,QAAzB;AAAkC,QAAA,IAAI,EAAC,IAAvC;AAA6C,QAAA,KAAK;AAAlD,kBADF,CAPF,CA5DF,CADF,CADF;AA8ED;;;;EA9MsBgC,eAAMC,S;;eAiNhB,gCAAW9C,YAAX,C","sourceRoot":"/app/src/components/components/","sourcesContent":["import React from \"react\";\nimport Form from \"react-bootstrap/Form\";\nimport Button from \"react-bootstrap/Button\";\nimport apiPostagem from \"../../services/apiPostagem\";\nimport { withRouter } from \"react-router-dom\";\nimport \"./editNewsForm.css\";\nimport apiNoticias from \"../../services/apiNoticias\";\n\n\n\nclass EditNewsForm extends React.Component {\n\n    constructor(props){\n      super(props);\n      this.state = {\n        title: \"\",\n        subtitle: \"\",\n        text:  \"\",\n        image1: \"\",\n        image2: \"\",\n        image3: \"\",\n        post_id: \"\",\n        posts: [],\n        img: [],\n        imgFile1 : null\n      };\n      // this.fileInput = React.createRef();\n      this.id = this.props.match.params.newsId;\n\n      // this.history = useHistory();\n      this.changePostId = this.changePostId.bind(this);\n      this.handleChange = this.handleChange.bind(this);\n      // this.changePhoto = this.changePhoto.bind(this);\n      this.handleSubmit = this.handleSubmit.bind(this);\n    }\n\n    async getNews(){\n      const response = await apiNoticias.get(\"news/\"+this.id);\n      const posts = await apiPostagem.get(\"posts?limit=100&page=0\");\n      this.setState(response.data);\n      this.setState({posts: posts.data.rows, img: [\"http://localhost:3004/img/120529.jpg\",\n      \"http://localhost:3004/img/120529.jpg\",\"http://localhost:3004/img/120529.jpg\"]});\n    }\n\n    componentDidMount(){\n      this.getNews();\n    }\n  \n    handleChange(event){\n      switch(event.target.id){\n        case  \"title\":\n            if(event.target.value.length<=25){\n            this.setState({title: event.target.value});\n            }\n            break;\n        case \"subtitle\":\n            if(event.target.value.length<=25){\n            this.setState({subtitle: event.target.value});\n            }\n            break;\n        case \"text\":\n            if(event.target.value.length<=500){\n                this.setState({text: event.target.value});\n            }\n            break;\n        case \"image1\":\n            if(event.target.value.length<=50){\n                this.setState({image1: event.target.value});\n            }\n            break;\n        case \"image2\":\n            if(event.target.value.length<=50){\n                this.setState({image2: event.target.value});\n            }\n            break;\n        case \"image3\":\n            if(event.target.value.length<=50){\n                this.setState({image3: event.target.value});\n            }\n            break;\n        default: break;\n      }\n    } \n  \n    async handleSubmit(event){\n      event.preventDefault();\n      const news = this.state;\n      // await this.fileUpload(this.state.imgFile1);\n      try{\n        await apiNoticias.put(\"news/\"+this.id,  news );     \n        alert(\"Notícia alterada com sucesso!\");\n        this.props.history.push(\"/GerenciamentoNoticias\");\n      }catch(e){\n        alert(\"Ocorreu um erro e não foi possível alterar a notícia\"); \n      }\n    }\n\n\n    async deleteNews(newsId){\n      if(window.confirm(\"Tem certeza que quer excluir esta notícia?\")){\n        try{\n          await apiNoticias.delete(`/news/${newsId}`);\n          this.props.history.push(\"/GerenciamentoNoticias\");\n        }\n        catch(error){\n          alert(\"Ocorreu um erro e não conseguimos excluir a notícia\");\n        }\n      }\n    }\n\n    changePostId(event){\n      this.setState({post_id: event.target.value});\n    }\n\n    // changePhoto(event){\n    //   // var newPhoto = [...this.state.img];\n    //   var newPhoto = event.target.files[0];\n    //   // newPhoto.push(event.target.files[0]);\n    //   console.log(newPhoto);\n    //   this.setState({imgFile1: newPhoto});\n    //   console.log(\"foto nova\");\n    //   console.log(this.state.imgFile1);\n    //   }\n\n    // async fileUpload(file){\n    //   const formData = new FormData();\n    //   formData.append('file',file);\n    //   console.log(formData);\n    //   try{\n    //     await apiNoticias.post(\"fileupload\", formData);\n    //     alert(\"Imagem!\");\n    //   }catch(e){\n    //     alert(\"Ocorreu um erro e não foi possível alterar a notícia\"); \n    //   }\n    //   // return  post(url, formData,config)\n    // }\n  \n    render() {\n      return (\n        <Form onSubmit={this.handleSubmit} className=\"newsForm\" >\n          <div className=\"container-fluid form-news\">\n            <div className=\"row\">\n              <div className=\"col-7\">\n                <div className=\"row\">\n                  <Form.Group controlId=\"title\" className=\"text-area-news\">\n                      <Form.Label>Título</Form.Label>\n                      <Form.Control  type=\"text\" placeholder=\"Título da Notícia\" value={this.state.title} onChange={this.handleChange} />\n                  </Form.Group>\n                </div>\n                <div className=\"row\">\n                    <Form.Group controlId=\"subtitle\" className=\"text-area-news\">\n                      <Form.Label>Subtítulo</Form.Label>\n                      <Form.Control type=\"text\" placeholder=\"Subtítulo\" value={this.state.subtitle} onChange={this.handleChange} /> \n                    </Form.Group>\n                </div>\n                <div className=\"row\">\n                  <Form.Group controlId=\"linkPost\" className=\"text-area-news\">\n                      <Form.Label>Linkar Postagem</Form.Label>\n                      <select id=\"linkPost\" className=\"form-control\" value={this.state.post_id} onChange={this.changePostId}>\n                        {this.state.posts.map((post) => (\n                          <option key={post.post_id} value={post.post_id}>{post.post_id} - {post.title}</option>\n                        ))}\n                      </select>\n                  </Form.Group>\n                </div>\n              </div>\n              <div className=\"col-5\">    \n                <div id=\"carouselExampleControls\" className=\"carousel slide\" data-ride=\"carousel\">\n                  <div className=\"carousel-inner\">\n                    <div className=\"carousel-item active\">\n                      <img className=\"d-block w-100\" src={this.state.img[0]} alt=\"First slide\"/>\n                    </div>\n                    <div className=\"carousel-item\">\n                      <img className=\"d-block w-100\" src={this.state.img[1]} alt=\"Second slide\"/>\n                    </div>\n                    <div className=\"carousel-item\">\n                      <img className=\"d-block w-100\"src={this.state.img[2]} alt=\"Third slide\"/>\n                    </div>\n                  </div>\n                  <a className=\"carousel-control-prev\" href=\"#carouselExampleControls\" role=\"button\" data-slide=\"prev\">\n                    <span className=\"carousel-control-prev-icon\" aria-hidden=\"true\"></span>\n                    <span className=\"sr-only\">Previous</span>\n                  </a>\n                  <a className=\"carousel-control-next\" href=\"#carouselExampleControls\" role=\"button\" data-slide=\"next\">\n                    <span className=\"carousel-control-next-icon\" aria-hidden=\"true\"></span>\n                    <span className=\"sr-only\">Next</span>\n                  </a>\n                </div>\n                {/* <div>\n                    <input type=\"file\" ref={this.fileInput} name=\"filetoupload\" onChange={this.changePhoto}/>\n                </div> */}\n            </div>\n          </div>\n            \n            <div className=\"row\">\n              <Form.Group controlId=\"text\" className=\"text-news\">\n                  <Form.Label>Corpo</Form.Label>\n                  <Form.Control as=\"textarea\" placeholder=\"Corpo\" rows=\"5\" cols=\"6\" value={this.state.text} onChange={this.handleChange} />\n              </Form.Group>\n            </div>\n            <div className=\"row\">\n              <div className=\"col-3\">\n                <Button id=\"delete\" type=\"button\" onClick={() => this.deleteNews(this.id)} size=\"lg\" block>\n                  Excluir\n                </Button>\n              </div>\n              <div className=\"col-6\" />\n              <div className=\"col-3\">\n                <Button id=\"submit\" type=\"submit\" size=\"lg\"  block>\n                  Enviar\n                </Button>\n              </div>\n            </div>\n          </div>\n        </Form>\n      );\n    }\n  }\n\n  export default withRouter(EditNewsForm);\n"]},"_coverageSchema":"1a1c01bbd47fc00a2c39e90264f33305004495a9","hash":"38d8c801b82e416961d5f171ef60ad2f3b8787fa","contentHash":"10c4e44d85475ad51807709ece2f896edc10913f4a3bcca4da21996595a6c2a6"},"/app/src/services/apiPostagem.js":{"path":"/app/src/services/apiPostagem.js","statementMap":{"0":{"start":{"line":3,"column":0},"end":{"line":5,"column":3}},"1":{"start":{"line":6,"column":0},"end":{"line":6,"column":25}},"2":{"start":{"line":8,"column":13},"end":{"line":8,"column":53}},"3":{"start":{"line":10,"column":39},"end":{"line":10,"column":93}},"4":{"start":{"line":12,"column":18},"end":{"line":14,"column":2}},"5":{"start":{"line":16,"column":15},"end":{"line":16,"column":26}},"6":{"start":{"line":17,"column":0},"end":{"line":17,"column":27}}},"fnMap":{"0":{"name":"_interopRequireDefault","decl":{"start":{"line":10,"column":9},"end":{"line":10,"column":31}},"loc":{"start":{"line":10,"column":37},"end":{"line":10,"column":95}},"line":10}},"branchMap":{"0":{"loc":{"start":{"line":10,"column":46},"end":{"line":10,"column":92}},"type":"cond-expr","locations":[{"start":{"line":10,"column":70},"end":{"line":10,"column":73}},{"start":{"line":10,"column":76},"end":{"line":10,"column":92}}],"line":10},"1":{"loc":{"start":{"line":10,"column":46},"end":{"line":10,"column":67}},"type":"binary-expr","locations":[{"start":{"line":10,"column":46},"end":{"line":10,"column":49}},{"start":{"line":10,"column":53},"end":{"line":10,"column":67}}],"line":10}},"s":{"0":1,"1":1,"2":1,"3":1,"4":1,"5":1,"6":1},"f":{"0":1},"b":{"0":[0,1],"1":[1,1]},"inputSourceMap":{"version":3,"sources":["apiPostagem.js"],"names":["apiPostagem","axios","create","baseURL"],"mappings":";;;;;;;AAAA;;;;AAEA,IAAMA,WAAW,GAAGC,eAAMC,MAAN,CAAa;AAC/BC,EAAAA,OAAO,EAAE;AADsB,CAAb,CAApB;;eAIeH,W","sourceRoot":"/app/src/services/","sourcesContent":["import axios from \"axios\";\n\nconst apiPostagem = axios.create({\n  baseURL: \"https://vc-usuario-backend.herokuapp.com/\",\n});\n\nexport default apiPostagem;\n"]},"_coverageSchema":"1a1c01bbd47fc00a2c39e90264f33305004495a9","hash":"dccfcf9b12b606fdeff0387d8f745b0b4dfd03b5","contentHash":"e3b5a287063a919ef0ba8a674afef4e905bdfc153d63a157dd74bbe5eae551e6"},"/app/src/services/apiNoticias.js":{"path":"/app/src/services/apiNoticias.js","statementMap":{"0":{"start":{"line":3,"column":0},"end":{"line":5,"column":3}},"1":{"start":{"line":6,"column":0},"end":{"line":6,"column":25}},"2":{"start":{"line":8,"column":13},"end":{"line":8,"column":53}},"3":{"start":{"line":10,"column":39},"end":{"line":10,"column":93}},"4":{"start":{"line":12,"column":18},"end":{"line":14,"column":2}},"5":{"start":{"line":16,"column":15},"end":{"line":16,"column":26}},"6":{"start":{"line":17,"column":0},"end":{"line":17,"column":27}}},"fnMap":{"0":{"name":"_interopRequireDefault","decl":{"start":{"line":10,"column":9},"end":{"line":10,"column":31}},"loc":{"start":{"line":10,"column":37},"end":{"line":10,"column":95}},"line":10}},"branchMap":{"0":{"loc":{"start":{"line":10,"column":46},"end":{"line":10,"column":92}},"type":"cond-expr","locations":[{"start":{"line":10,"column":70},"end":{"line":10,"column":73}},{"start":{"line":10,"column":76},"end":{"line":10,"column":92}}],"line":10},"1":{"loc":{"start":{"line":10,"column":46},"end":{"line":10,"column":67}},"type":"binary-expr","locations":[{"start":{"line":10,"column":46},"end":{"line":10,"column":49}},{"start":{"line":10,"column":53},"end":{"line":10,"column":67}}],"line":10}},"s":{"0":1,"1":1,"2":1,"3":1,"4":1,"5":1,"6":1},"f":{"0":1},"b":{"0":[0,1],"1":[1,1]},"inputSourceMap":{"version":3,"sources":["apiNoticias.js"],"names":["apiNoticias","axios","create","baseURL"],"mappings":";;;;;;;AAAA;;;;AAEA,IAAMA,WAAW,GAAGC,eAAMC,MAAN,CAAa;AAC/BC,EAAAA,OAAO,EAAE;AADsB,CAAb,CAApB;;eAIeH,W","sourceRoot":"/app/src/services/","sourcesContent":["import axios from \"axios\";\n\nconst apiNoticias = axios.create({\n  baseURL: \"https://172.25.0.7:3004\",\n});\n\nexport default apiNoticias;\n\n"]},"_coverageSchema":"1a1c01bbd47fc00a2c39e90264f33305004495a9","hash":"c9d4090c86e89759a9b924a5118f1d55c3ae0986","contentHash":"53bb8c29c77f972bfaf2ef8d40d083daafec3da78d9c93cb61bde070f96a0d28"},"/app/src/components/pages/GerenciamentoNoticias.js":{"path":"/app/src/components/pages/GerenciamentoNoticias.js","statementMap":{"0":{"start":{"line":3,"column":0},"end":{"line":5,"column":3}},"1":{"start":{"line":6,"column":0},"end":{"line":6,"column":25}},"2":{"start":{"line":8,"column":13},"end":{"line":8,"column":53}},"3":{"start":{"line":10,"column":22},"end":{"line":10,"column":48}},"4":{"start":{"line":12,"column":24},"end":{"line":12,"column":65}},"5":{"start":{"line":14,"column":25},"end":{"line":14,"column":69}},"6":{"start":{"line":16,"column":0},"end":{"line":16,"column":39}},"7":{"start":{"line":18,"column":19},"end":{"line":18,"column":80}},"8":{"start":{"line":20,"column":22},"end":{"line":20,"column":49}},"9":{"start":{"line":22,"column":39},"end":{"line":22,"column":93}},"10":{"start":{"line":24,"column":51},"end":{"line":24,"column":355}},"11":{"start":{"line":24,"column":126},"end":{"line":24,"column":181}},"12":{"start":{"line":24,"column":160},"end":{"line":24,"column":178}},"13":{"start":{"line":24,"column":191},"end":{"line":24,"column":353}},"14":{"start":{"line":24,"column":225},"end":{"line":24,"column":350}},"15":{"start":{"line":24,"column":356},"end":{"line":24,"column":376}},"16":{"start":{"line":26,"column":77},"end":{"line":26,"column":175}},"17":{"start":{"line":26,"column":94},"end":{"line":26,"column":107}},"18":{"start":{"line":26,"column":121},"end":{"line":26,"column":131}},"19":{"start":{"line":26,"column":151},"end":{"line":26,"column":165}},"20":{"start":{"line":26,"column":166},"end":{"line":26,"column":173}},"21":{"start":{"line":26,"column":176},"end":{"line":26,"column":263}},"22":{"start":{"line":26,"column":193},"end":{"line":26,"column":208}},"23":{"start":{"line":26,"column":218},"end":{"line":26,"column":261}},"24":{"start":{"line":28,"column":33},"end":{"line":28,"column":387}},"25":{"start":{"line":28,"column":65},"end":{"line":28,"column":69}},"26":{"start":{"line":28,"column":78},"end":{"line":28,"column":87}},"27":{"start":{"line":28,"column":89},"end":{"line":28,"column":384}},"28":{"start":{"line":28,"column":147},"end":{"line":28,"column":167}},"29":{"start":{"line":28,"column":193},"end":{"line":28,"column":264}},"30":{"start":{"line":28,"column":290},"end":{"line":28,"column":360}},"31":{"start":{"line":28,"column":363},"end":{"line":28,"column":380}},"32":{"start":{"line":30,"column":50},"end":{"line":30,"column":151}},"33":{"start":{"line":30,"column":92},"end":{"line":30,"column":149}},"34":{"start":{"line":32,"column":44},"end":{"line":32,"column":315}},"35":{"start":{"line":32,"column":57},"end":{"line":32,"column":58}},"36":{"start":{"line":32,"column":102},"end":{"line":32,"column":110}},"37":{"start":{"line":32,"column":112},"end":{"line":32,"column":167}},"38":{"start":{"line":32,"column":168},"end":{"line":32,"column":199}},"39":{"start":{"line":32,"column":200},"end":{"line":32,"column":254}},"40":{"start":{"line":32,"column":227},"end":{"line":32,"column":254}},"41":{"start":{"line":32,"column":255},"end":{"line":32,"column":313}},"42":{"start":{"line":34,"column":62},"end":{"line":34,"column":131}},"43":{"start":{"line":34,"column":78},"end":{"line":34,"column":131}},"44":{"start":{"line":34,"column":132},"end":{"line":34,"column":193}},"45":{"start":{"line":34,"column":149},"end":{"line":34,"column":193}},"46":{"start":{"line":34,"column":194},"end":{"line":34,"column":213}},"47":{"start":{"line":36,"column":43},"end":{"line":36,"column":182}},"48":{"start":{"line":36,"column":106},"end":{"line":36,"column":180}},"49":{"start":{"line":36,"column":183},"end":{"line":36,"column":328}},"50":{"start":{"line":36,"column":329},"end":{"line":36,"column":383}},"51":{"start":{"line":36,"column":345},"end":{"line":36,"column":383}},"52":{"start":{"line":38,"column":33},"end":{"line":38,"column":138}},"53":{"start":{"line":38,"column":109},"end":{"line":38,"column":125}},"54":{"start":{"line":38,"column":126},"end":{"line":38,"column":135}},"55":{"start":{"line":38,"column":139},"end":{"line":38,"column":168}},"56":{"start":{"line":40,"column":65},"end":{"line":40,"column":92}},"57":{"start":{"line":40,"column":94},"end":{"line":40,"column":423}},"58":{"start":{"line":40,"column":147},"end":{"line":40,"column":171}},"59":{"start":{"line":40,"column":181},"end":{"line":40,"column":371}},"60":{"start":{"line":40,"column":230},"end":{"line":40,"column":263}},"61":{"start":{"line":40,"column":265},"end":{"line":40,"column":321}},"62":{"start":{"line":40,"column":331},"end":{"line":40,"column":369}},"63":{"start":{"line":40,"column":372},"end":{"line":40,"column":420}},"64":{"start":{"line":42,"column":50},"end":{"line":42,"column":138}},"65":{"start":{"line":42,"column":124},"end":{"line":42,"column":136}},"66":{"start":{"line":42,"column":139},"end":{"line":42,"column":175}},"67":{"start":{"line":44,"column":40},"end":{"line":44,"column":151}},"68":{"start":{"line":44,"column":63},"end":{"line":44,"column":149}},"69":{"start":{"line":44,"column":152},"end":{"line":44,"column":164}},"70":{"start":{"line":46,"column":39},"end":{"line":46,"column":110}},"71":{"start":{"line":46,"column":97},"end":{"line":46,"column":110}},"72":{"start":{"line":46,"column":111},"end":{"line":46,"column":152}},"73":{"start":{"line":46,"column":139},"end":{"line":46,"column":152}},"74":{"start":{"line":46,"column":153},"end":{"line":46,"column":198}},"75":{"start":{"line":46,"column":186},"end":{"line":46,"column":198}},"76":{"start":{"line":46,"column":199},"end":{"line":46,"column":322}},"77":{"start":{"line":46,"column":205},"end":{"line":46,"column":279}},"78":{"start":{"line":46,"column":280},"end":{"line":46,"column":292}},"79":{"start":{"line":46,"column":307},"end":{"line":46,"column":320}},"80":{"start":{"line":48,"column":30},"end":{"line":48,"column":176}},"81":{"start":{"line":48,"column":126},"end":{"line":48,"column":173}},"82":{"start":{"line":48,"column":177},"end":{"line":48,"column":203}},"83":{"start":{"line":50,"column":41},"end":{"line":252,"column":27}},"84":{"start":{"line":51,"column":2},"end":{"line":51,"column":53}},"85":{"start":{"line":53,"column":15},"end":{"line":53,"column":50}},"86":{"start":{"line":58,"column":4},"end":{"line":58,"column":49}},"87":{"start":{"line":60,"column":4},"end":{"line":60,"column":37}},"88":{"start":{"line":61,"column":4},"end":{"line":70,"column":6}},"89":{"start":{"line":71,"column":4},"end":{"line":71,"column":17}},"90":{"start":{"line":74,"column":2},"end":{"line":249,"column":6}},"91":{"start":{"line":77,"column":21},"end":{"line":109,"column":9}},"92":{"start":{"line":79,"column":8},"end":{"line":108,"column":26}},"93":{"start":{"line":80,"column":10},"end":{"line":107,"column":11}},"94":{"start":{"line":81,"column":12},"end":{"line":106,"column":13}},"95":{"start":{"l
[...]
e":"getPosts","decl":{"start":{"line":101,"column":15},"end":{"line":101,"column":23}},"loc":{"start":{"line":101,"column":26},"end":{"line":103,"column":7}},"line":101},"30":{"name":"componentDidMount","decl":{"start":{"line":109,"column":20},"end":{"line":109,"column":37}},"loc":{"start":{"line":109,"column":40},"end":{"line":111,"column":5}},"line":109},"31":{"name":"changePostId","decl":{"start":{"line":114,"column":20},"end":{"line":114,"column":32}},"loc":{"start":{"line":114,"column":40},"end":{"line":118,"column":5}},"line":114},"32":{"name":"handleChange","decl":{"start":{"line":121,"column":20},"end":{"line":121,"column":32}},"loc":{"start":{"line":121,"column":40},"end":{"line":156,"column":5}},"line":121},"33":{"name":"(anonymous_33)","decl":{"start":{"line":160,"column":11},"end":{"line":160,"column":12}},"loc":{"start":{"line":160,"column":23},"end":{"line":196,"column":5}},"line":160},"34":{"name":"_callee2","decl":{"start":{"line":161,"column":91},"end":{"line":161,"column":99}},"loc":{"start":{"line":161,"column":107},"end":{"line":189,"column":7}},"line":161},"35":{"name":"_callee2$","decl":{"start":{"line":163,"column":48},"end":{"line":163,"column":57}},"loc":{"start":{"line":163,"column":69},"end":{"line":188,"column":9}},"line":163},"36":{"name":"handleSubmit","decl":{"start":{"line":191,"column":15},"end":{"line":191,"column":27}},"loc":{"start":{"line":191,"column":32},"end":{"line":193,"column":7}},"line":191},"37":{"name":"render","decl":{"start":{"line":199,"column":20},"end":{"line":199,"column":26}},"loc":{"start":{"line":199,"column":29},"end":{"line":264,"column":5}},"line":199},"38":{"name":"(anonymous_38)","decl":{"start":{"line":239,"column":30},"end":{"line":239,"column":31}},"loc":{"start":{"line":239,"column":46},"end":{"line":244,"column":7}},"line":239}},"branchMap":{"0":{"loc":{"start":{"line":20,"column":46},"end":{"line":20,"column":92}},"type":"cond-expr","locations":[{"start":{"line":20,"column":70},"end":{"line":20,"column":73}},{"start":{"line":20,"column":76},"end":{"line":20,"column":92}}],"line":20},"1":{"loc":{"start":{"line":20,"column":46},"end":{"line":20,"column":67}},"type":"binary-expr","locations":[{"start":{"line":20,"column":46},"end":{"line":20,"column":49}},{"start":{"line":20,"column":53},"end":{"line":20,"column":67}}],"line":20},"2":{"loc":{"start":{"line":22,"column":51},"end":{"line":22,"column":355}},"type":"if","locations":[{"start":{"line":22,"column":51},"end":{"line":22,"column":355}},{"start":{"line":22,"column":51},"end":{"line":22,"column":355}}],"line":22},"3":{"loc":{"start":{"line":22,"column":55},"end":{"line":22,"column":122}},"type":"binary-expr","locations":[{"start":{"line":22,"column":55},"end":{"line":22,"column":83}},{"start":{"line":22,"column":87},"end":{"line":22,"column":122}}],"line":22},"4":{"loc":{"start":{"line":22,"column":232},"end":{"line":22,"column":349}},"type":"cond-expr","locations":[{"start":{"line":22,"column":328},"end":{"line":22,"column":336}},{"start":{"line":22,"column":339},"end":{"line":22,"column":349}}],"line":22},"5":{"loc":{"start":{"line":22,"column":232},"end":{"line":22,"column":325}},"type":"binary-expr","locations":[{"start":{"line":22,"column":232},"end":{"line":22,"column":235}},{"start":{"line":22,"column":239},"end":{"line":22,"column":267}},{"start":{"line":22,"column":271},"end":{"line":22,"column":297}},{"start":{"line":22,"column":301},"end":{"line":22,"column":325}}],"line":22},"6":{"loc":{"start":{"line":24,"column":176},"end":{"line":24,"column":263}},"type":"if","locations":[{"start":{"line":24,"column":176},"end":{"line":24,"column":263}},{"start":{"line":24,"column":176},"end":{"line":24,"column":263}}],"line":24},"7":{"loc":{"start":{"line":28,"column":50},"end":{"line":28,"column":151}},"type":"if","locations":[{"start":{"line":28,"column":50},"end":{"line":28,"column":151}},{"start":{"line":28,"column":50},"end":{"line":28,"column":151}}],"line":28},"8":{"loc":{"start":{"line":30,"column":136},"end":{"line":30,"column":166}},"type":"binary-expr","locations":[{"start":{"line":30,"column":136},"end":{"line":30,"column":157}},{"start":{"line":30,"column":161},"end":{"line":30,"column":166}}],"line":30},"9":{"loc":{"start":{"line":30,"column":200},"end":{"line":30,"column":254}},"type":"if","locations":[{"start":{"line":30,"column":200},"end":{"line":30,"column":254}},{"start":{"line":30,"column":200},"end":{"line":30,"column":254}}],"line":30},"10":{"loc":{"start":{"line":32,"column":62},"end":{"line":32,"column":131}},"type":"if","locations":[{"start":{"line":32,"column":62},"end":{"line":32,"column":131}},{"start":{"line":32,"column":62},"end":{"line":32,"column":131}}],"line":32},"11":{"loc":{"start":{"line":32,"column":132},"end":{"line":32,"column":193}},"type":"if","locations":[{"start":{"line":32,"column":132},"end":{"line":32,"column":193}},{"start":{"line":32,"column":132},"end":{"line":32,"column":193}}],"line":32},"12":{"loc":{"start":{"line":34,"column":43},"end":{"line":34,"column":182}},"type":"if","locations":[{"start":{"line":34,"column":43},"end":{"line":34,"column":182}},{"start":{"line":34,"column":43},"end":{"line":34,"column":182}}],"line":34},"13":{"loc":{"start":{"line":34,"column":47},"end":{"line":34,"column":102}},"type":"binary-expr","locations":[{"start":{"line":34,"column":47},"end":{"line":34,"column":79}},{"start":{"line":34,"column":83},"end":{"line":34,"column":102}}],"line":34},"14":{"loc":{"start":{"line":34,"column":218},"end":{"line":34,"column":252}},"type":"binary-expr","locations":[{"start":{"line":34,"column":218},"end":{"line":34,"column":228}},{"start":{"line":34,"column":232},"end":{"line":34,"column":252}}],"line":34},"15":{"loc":{"start":{"line":34,"column":329},"end":{"line":34,"column":383}},"type":"if","locations":[{"start":{"line":34,"column":329},"end":{"line":34,"column":383}},{"start":{"line":34,"column":329},"end":{"line":34,"column":383}}],"line":34},"16":{"loc":{"start":{"line":36,"column":51},"end":{"line":36,"column":137}},"type":"binary-expr","locations":[{"start":{"line":36,"column":51},"end":{"line":36,"column":72}},{"start":{"line":36,"column":76},"end":{"line":36,"column":137}}],"line":36},"17":{"loc":{"start":{"line":38,"column":181},"end":{"line":38,"column":371}},"type":"if","locations":[{"start":{"line":38,"column":181},"end":{"line":38,"column":371}},{"start":{"line":38,"column":181},"end":{"line":38,"column":371}}],"line":38},"18":{"loc":{"start":{"line":40,"column":50},"end":{"line":40,"column":138}},"type":"if","locations":[{"start":{"line":40,"column":50},"end":{"line":40,"column":138}},{"start":{"line":40,"column":50},"end":{"line":40,"column":138}}],"line":40},"19":{"loc":{"start":{"line":40,"column":54},"end":{"line":40,"column":120}},"type":"binary-expr","locations":[{"start":{"line":40,"column":54},"end":{"line":40,"column":58}},{"start":{"line":40,"column":63},"end":{"line":40,"column":89}},{"start":{"line":40,"column":93},"end":{"line":40,"column":119}}],"line":40},"20":{"loc":{"start":{"line":42,"column":40},"end":{"line":42,"column":151}},"type":"if","locations":[{"start":{"line":42,"column":40},"end":{"line":42,"column":151}},{"start":{"line":42,"column":40},"end":{"line":42,"column":151}}],"line":42},"21":{"loc":{"start":{"line":44,"column":39},"end":{"line":44,"column":110}},"type":"if","locations":[{"start":{"line":44,"column":39},"end":{"line":44,"column":110}},{"start":{"line":44,"column":39},"end":{"line":44,"column":110}}],"line":44},"22":{"loc":{"start":{"line":44,"column":43},"end":{"line":44,"column":95}},"type":"binary-expr","locations":[{"start":{"line":44,"column":43},"end":{"line":44,"column":73}},{"start":{"line":44,"column":77},"end":{"line":44,"column":95}}],"line":44},"23":{"loc":{"start":{"line":44,"column":111},"end":{"line":44,"column":152}},"type":"if","locations":[{"start":{"line":44,"column":111},"end":{"line":44,"column":152}},{"start":{"line":44,"column":111},"end":{"line":44,"column":152}}],"line":44},"24":{"loc":{"start":{"line":44,"column":153},"end":{"line":44,"column":198}},"type":"if","locations":[{"start":{"line":44,"column":153},"end":{"line":44,"column":198}},{"start":{"line":44,"column":153},"end":{"line":44,"column":198}}],"line":44},"25":{"loc":{"start":{"line":46,"column":48},"end":{"line":46,"column":175}},"type":"cond-expr","locations":[{"start":{"line":46,"column":72},"end":{"line":46,"column":93}},{"start":{"line":46,"column":96},"end":{"line":46,"column":175}}],"line":46},"26":{"loc":{"start":{"line":46,"column":133},"end":{"line":46,"column":172}},"type":"binary-expr","locations":[{"start":{"line":46,"column":133},"end":{"line":46,"column":144}},{"start":{"line":46,"column":148},"end":{"line":46,"column":172}}],"line":46},"27":{"loc":{"start":{"line":82,"column":12},"end":{"line":96,"column":13}},"type":"switch","locations":[{"start":{"line":83,"column":14},"end":{"line":85,"column":74}},{"start":{"line":87,"column":14},"end":{"line":91,"column":19}},{"start":{"line":93,"column":14},"end":{"line":93,"column":21}},{"start":{"line":94,"column":14},"end":{"line":95,"column":39}}],"line":82},"28":{"loc":{"start":{"line":122,"column":6},"end":{"line":155,"column":7}},"type":"switch","locations":[{"start":{"line":123,"column":8},"end":{"line":127,"column":16}},{"start":{"line":129,"column":8},"end":{"line":133,"column":16}},{"start":{"line":135,"column":8},"end":{"line":139,"column":16}},{"start":{"line":153,"column":8},"end":{"line":154,"column":16}}],"line":122},"29":{"loc":{"start":{"line":165,"column":12},"end":{"line":186,"column":13}},"type":"switch","locations":[{"start":{"line":166,"column":14},"end":{"line":171,"column":63}},{"start":{"line":173,"column":14},"end":{"line":176,"column":22}},{"start":{"line":178,"column":14},"end":{"line":181,"column":48}},{"start":{"line":183,"column":14},"end":{"line":183,"column":22}},{"start":{"line":184,"column":14},"end":{"line":185,"column":40}}],"line":165}},"s":{"0":1,"1":1,"2":1,"3":1,"4":1,"5":1,"6":1,"7":1,"8":6,"9":1,"10":1,"11":3,"12":0,"13":0,"14":1,"15":9,"16":9,"17":9,"18":0,"19":0,"20":9,"21":5,"22":4,"23":2,"24":5,"25":5,"26":5,"27":5,"28":9,"29":0,"30":5,"31":3,"32":0,"33":1,"34":1,"35":6,"36":6,"37":6,"38":6,"39":6,"40":6,"41":1,"42":1,"43":1,"44":0,"45":1,"46":1,"47":0,"48":1,"49":1,"50":1,"51":1,"52":0,"53":0,"54":1,"55":1,"56":1,"57":3,"58":3,"59":3,"60":3,"61":0,"62":3,"63":3,"64":3,"65":0,"66":9,"67":0,"68":9,"69":1,"70":0,"71":1,"72":0,"73":1,"74":1,"75":0,"76":0,"77":0,"78":0,"79":1,"80":0,"81":1,"82":1,"83":1,"84":1,"85":3,"86":3,"87":3,"88":3,"89":3,"90":3,"91":3,"92":1,"93":1,"94":3,"95":6,"96":6,"97":3,"98":3,"99":3,"100":3,"101":3,"102":3,"103":1,"104":3,"105":2,"106":6,"107":2,"108":2,"109":2,"110":2,"111":2,"112":2,"113":0,"114":1,"115":2,"116":4,"117":5,"118":2,"119":2,"120":2,"121":2,"122":2,"123":1,"124":1,"125":1,"126":1,"127":1,"128":1,"129":2,"130":2,"131":1,"132":8,"133":10,"134":1,"135":1,"136":1},"f":{"0":6,"1":1,"2":3,"3":0,"4":9,"5":2,"6":5,"7":5,"8":9,"9":0,"10":3,"11":1,"12":1,"13":1,"14":1,"15":0,"16":1,"17":3,"18":3,"19":9,"20":1,"21":0,"22":1,"23":0,"24":1,"25":3,"26":1,"27":3,"28":6,"29":3,"30":3,"31":2,"32":6,"33":1,"34":2,"35":4,"36":2,"37":8,"38":10},"b":{"0":[2,4],"1":[6,6],"2":[1,0],"3":[1,1],"4":[0,0],"5":[0,0,0,0],"6":[5,4],"7":[0,3],"8":[6,6],"9":[6,0],"10":[1,0],"11":[0,1],"12":[0,1],"13":[1,0],"14":[1,1],"15":[1,0],"16":[1,0],"17":[3,0],"18":[3,0],"19":[3,3,0],"20":[0,9],"21":[0,1],"22":[1,1],"23":[0,1],"24":[1,0],"25":[1,0],"26":[0,0],"27":[3,3,3,3],"28":[2,2,2,0],"29":[2,1,1,2,2]},"inputSourceMap":{"version":3,"sources":["NewsForm.js"],"names":["NewsForm","props","state","title","subtitle","text","image1","image2","image3","post_id","posts","handleChange","bind","handleSubmit","changePostId","apiPostagem","get","setState","data","rows","getPosts","event","target","value","id","preventDefault","news","apiNoticias","post","alert","CameraImg","map","React","Component"],"mappings":";;;;;;;AAAA;;AACA;;AACA;;AACA;;AACA;;AACA;;;;;;;;;;;;;;;;;;;;;;;;;;;;;;IAGMA,Q;;;;;AACF,oBAAYC,KAAZ,EAAmB;AAAA;;AAAA;;AACjB,8BAAMA,KAAN;AACA,UAAKC,KAAL,GAAa;AACXC,MAAAA,KAAK,EAAE,EADI;AAEXC,MAAAA,QAAQ,EAAE,EAFC;AAGXC,MAAAA,IAAI,EAAE,EAHK;AAIXC,MAAAA,MAAM,EAAE,EAJG;AAKXC,MAAAA,MAAM,EAAE,EALG;AAMXC,MAAAA,MAAM,EAAE,EANG;AAOXC,MAAAA,OAAO,EAAE,EAPE;AAQXC,MAAAA,KAAK,EAAE;AARI,KAAb;AAWA,UAAKC,YAAL,GAAoB,MAAKA,YAAL,CAAkBC,IAAlB,+BAApB;AACA,UAAKC,YAAL,GAAoB,MAAKA,YAAL,CAAkBD,IAAlB,+BAApB;AACA,UAAKE,YAAL,GAAoB,MAAKA,YAAL,CAAkBF,IAAlB,+BAApB;AAfiB;AAgBlB;;;;;;;;;;;;uBAGqBG,qBAAYC,GAAZ,CAAgB,wBAAhB,C;;;AAAdN,gBAAAA,K;AACN,qBAAKO,QAAL,CAAc;AAACP,kBAAAA,KAAK,EAAEA,KAAK,CAACQ,IAAN,CAAWC;AAAnB,iBAAd;;;;;;;;;;;;;;;;;;wCAGiB;AACjB,WAAKC,QAAL;AACD;;;iCAEYC,K,EAAM;AACjB,WAAKJ,QAAL,CAAc;AAACR,QAAAA,OAAO,EAAEY,KAAK,CAACC,MAAN,CAAaC;AAAvB,OAAd;AACD;;;iCAEYF,K,EAAO;AAClB,cAAOA,KAAK,CAACC,MAAN,CAAaE,EAApB;AACE,aAAM,OAAN;AACE,eAAKP,QAAL,CAAc;AAACd,YAAAA,KAAK,EAAEkB,KAAK,CAACC,MAAN,CAAaC;AAArB,WAAd;AACA;;AACF,aAAK,UAAL;AACE,eAAKN,QAAL,CAAc;AAACb,YAAAA,QAAQ,EAAEiB,KAAK,CAACC,MAAN,CAAaC;AAAxB,WAAd;AACA;;AACF,aAAK,MAAL;AACE,eAAKN,QAAL,CAAc;AAACZ,YAAAA,IAAI,EAAEgB,KAAK,CAACC,MAAN,CAAaC;AAApB,WAAd;AACA;AACF;AACA;AACA;AACA;AACA;AACA;AACA;AACA;AACA;AACA;AACA;AACA;;AACA;AAAS;AAtBX;AAwBD,K,CACD;;;;;oGACmBF,K;;;;;;AACjBA,gBAAAA,KAAK,CAACI,cAAN;AAEMC,gBAAAA,I,GAAO,KAAKxB,K;;;uBAGVyB,qBAAYC,IAAZ,CAAiB,MAAjB,EAA0BF,IAA1B,C;;;AAENG,gBAAAA,KAAK,CAAC,6BAAD,CAAL;;;;;;;AAEAA,gBAAAA,KAAK,CAAC,wBAAD,CAAL;;;;;;;;;;;;;;;;;;6BAKK;AACP,0BAEA,6BAAC,aAAD;AAAM,QAAA,QAAQ,EAAE,KAAKhB,YAArB;AAAmC,QAAA,SAAS,EAAC;AAA7C,sBAEI;AAAK,QAAA,SAAS,EAAC;AAAf,sBAEE;AAAK,QAAA,SAAS,EAAC;AAAf,sBACA,6BAAC,aAAD,CAAM,KAAN;AAAY,QAAA,SAAS,EAAC,OAAtB;AAA8B,QAAA,EAAE,EAAC;AAAjC,sBACE,6BAAC,aAAD,CAAM,OAAN;AACE,QAAA,IAAI,EAAC,MADP;AACc,QAAA,WAAW,EAAC,yBAD1B;AAEE,QAAA,KAAK,EAAE,KAAKX,KAAL,CAAWC,KAFpB;AAGE,QAAA,QAAQ,EAAE,KAAKQ;AAHjB,QADF,CADA,eASA,6BAAC,aAAD,CAAM,KAAN;AAAY,QAAA,SAAS,EAAC,UAAtB;AAAiC,QAAA,EAAE,EAAC;AAApC,sBACE,6BAAC,aAAD,CAAM,OAAN;AACE,QAAA,IAAI,EAAC,MADP;AAEE,QAAA,WAAW,EAAC,cAFd;AAGE,QAAA,KAAK,EAAE,KAAKT,KAAL,CAAWE,QAHpB;AAIE,QAAA,QAAQ,EAAE,KAAKO;AAJjB,QADF,CATA,CAFF,eAsBE;AAAK,QAAA,SAAS,EAAC;AAAf,sBACA;AACI,QAAA,EAAE,EAAC,SADP;AAEI,QAAA,IAAI,EAAC,OAFT;AAGI,QAAA,GAAG,EAAEmB,eAHT;AAII,QAAA,GAAG,EAAC;AAJR,QADA,CAtBF,eAgCE;AAAK,QAAA,SAAS,EAAC;AAAf,sBACI,6BAAC,aAAD,CAAM,KAAN;AAAY,QAAA,SAAS,EAAC,UAAtB;AAAiC,QAAA,EAAE,EAAC;AAApC,sBACI,6BAAC,aAAD,CAAM,KAAN,2BADJ,eAEI;AAAQ,QAAA,SAAS,EAAC,cAAlB;AAAiC,QAAA,KAAK,EAAE,KAAK5B,KAAL,CAAWO,OAAnD;AAA4D,QAAA,QAAQ,EAAE,KAAKK;AAA3E,SACG,KAAKZ,KAAL,CAAWQ,KAAX,CAAiBqB,GAAjB,CAAqB,UAACH,IAAD;AAAA,4BACpB;AAAQ,UAAA,GAAG,EAAEA,IAAI,CAACnB,OAAlB;AAA2B,UAAA,KAAK,EAAEmB,IAAI,CAACnB;AAAvC,WAAiDmB,IAAI,CAACnB,OAAtD,SAAkEmB,IAAI,CAACzB,KAAvE,CADoB;AAAA,OAArB,CADH,CAFJ,CADJ,CAhCF,CAFJ,eA+CE;AAAK,QAAA,SAAS,EAAC;AAAf,sBACI,6BAAC,aAAD,CAAM,KAAN;AAAY,QAAA,SAAS,EAAC,MAAtB;AAA6B,QAAA,EAAE,EAAC;AAAhC,sBACA,6BAAC,aAAD,CAAM,OAAN;AAAc,QAAA,EAAE,EAAC,UAAjB;AAA4B,QAAA,WAAW,EAAC,OAAxC;AAAgD,QAAA,IAAI,EAAC,GAArD;AAAyD,QAAA,IAAI,EAAC,GAA9D;AAAkE,QAAA,KAAK,EAAE,KAAKD,KAAL,CAAWG,IAApF;AAA0F,QAAA,QAAQ,EAAE,KAAKM;AAAzG,QADA,CADJ,CA/CF,eAqDE;AAAK,QAAA,SAAS,EAAC;AAAf,sBACI,6BAAC,eAAD;AAAQ,QAAA,EAAE,EAAC,YAAX;AAAwB,QAAA,IAAI,EAAC,QAA7B;AAAsC,QAAA,IAAI,EAAC,IAA3C;AAAgD,QAAA,KAAK;AAArD,kBADJ,CArDF,CAFA;AAiED;;;;EA5IkBqB,eAAMC,S;;eA+IZjC,Q","sourceRoot":"/app/src/components/components/","sourcesContent":["import React from \"react\";\nimport Form from \"react-bootstrap/Form\";\nimport Button from \"react-bootstrap/Button\";\nimport apiNoticias from \"../../services/apiNoticias\";\nimport apiPostagem from \"../../services/apiPostagem\";\nimport CameraImg from \"../../assets/camera.png\";\n\n\nclass NewsForm extends React.Component {\n    constructor(props) {\n      super(props);\n      this.state = {\n        title: \"\",\n        subtitle: \"\",\n        text: \"\" ,\n        image1: \"\" ,\n        image2: \"\",\n        image3: \"\",\n        post_id: \"\",\n        posts: [],\n      };\n  \n      this.handleChange = this.handleChange.bind(this);\n      this.handleSubmit = this.handleSubmit.bind(this);\n      this.changePostId = this.changePostId.bind(this);\n    }\n\n    async getPosts(){\n      const posts = await apiPostagem.get(\"posts?limit=100&page=0\");\n      this.setState({posts: posts.data.rows});\n    }\n\n    componentDidMount(){\n      this.getPosts();\n    }\n\n    changePostId(event){\n      this.setState({post_id: event.target.value});\n    }\n  \n    handleChange(event) {\n      switch(event.target.id){\n        case  \"title\":\n          this.setState({title: event.target.value});\n          break;\n        case \"subtitle\":\n          this.setState({subtitle: event.target.value});\n          break;\n        case \"text\":\n          this.setState({text: event.target.value});\n          break;\n        // case \"image1\":\n        //   this.setState({image1: event.target.value});\n        //   break;\n        // case \"image2\":\n        //   this.setState({image2: event.target.value});\n        //   break;\n        // case \"image3\":\n        //   this.setState({image3: event.target.value});\n        //   break;\n        // case \"linkPost\":\n        //   this.setState({post_id: event.target.value});\n        //   break;\n        default: break;\n      }\n    }\n    // TODO\n    async handleSubmit(event) {\n      event.preventDefault();\n\n      const news = this.state;\n\n      try{\n        await apiNoticias.post(\"news\",  news );\n\n        alert(\"Notícia criada com sucesso!\");\n      }catch(err){\n        alert(\"Essa noticia já existe\");\n      }\n\n    }\n  \n    render() {\n      return (\n\n      <Form onSubmit={this.handleSubmit} className=\"newsForm\">\n       \n          <div className=\"row\">\n\n            <div className=\"col-8\">\n            <Form.Group controlId=\"title\" id=\"titleNews\">\n              <Form.Control \n                type=\"text\" placeholder=\"Título da Notícia\" \n                value={this.state.title}\n                onChange={this.handleChange} \n              />\n            </Form.Group>\n\n            <Form.Group controlId=\"subtitle\" id=\"subtitleNews\">\n              <Form.Control \n                type=\"text\" \n                placeholder=\"Subtítulo\" \n                value={this.state.subtitle} \n                onChange={this.handleChange} \n              />\n            </Form.Group>\n           \n            </div>\n\n            <div className=\"col-4\">\n            <input \n                id=\"imgNews\"\n                type=\"image\" \n                src={CameraImg}\n                alt=\"imagemCamera\"  \n                >\n            </input>\n            </div>\n\n            <div className=\"row\">\n                <Form.Group controlId=\"linkPost\" id=\"linkPostNews\">\n                    <Form.Label>Atrelar Postagem</Form.Label>\n                    <select className=\"form-control\" value={this.state.post_id} onChange={this.changePostId}>\n                      {this.state.posts.map((post) => (\n                        <option key={post.post_id} value={post.post_id}>{post.post_id} - {post.title}</option>\n                      ))}\n                    </select>\n                </Form.Group>\n              </div>\n\n          </div>\n\n        <div className=\"\">\n            <Form.Group controlId=\"text\" id=\"textNews\">\n            <Form.Control as=\"textarea\" placeholder=\"Corpo\" rows=\"5\" cols=\"6\" value={this.state.text} onChange={this.handleChange} />\n            </Form.Group>\n          </div>\n\n        <div className=\"row\">\n            <Button id=\"buttonNews\" type=\"submit\" size=\"lg\" block>\n              Enviar\n            </Button>\n          </div>\n    \n        </Form>\n\n        \n      );\n    }\n  }\n\n  export default NewsForm;\n"]},"_coverageSchema":"1a1c01bbd47fc00a2c39e90264f33305004495a9","hash":"d2803aab806cbf46a72c634d19d43d4f5bed0c24","contentHash":"560d5e49f0574539a0dbd9cd83cb3fbdf9e58988c7a19fd98b54c7f89fbb3804"}}